#
# There is insufficient memory for the Java Runtime Environment to continue.
# Native memory allocation (malloc) failed to allocate 385616 bytes for Chunk::new
# Possible reasons:
#   The system is out of physical RAM or swap space
#   In 32 bit mode, the process size limit was hit
# Possible solutions:
#   Reduce memory load on the system
#   Increase physical memory or swap space
#   Check if swap backing store is full
#   Use 64 bit Java on a 64 bit OS
#   Decrease Java heap size (-Xmx/-Xms)
#   Decrease number of Java threads
#   Decrease Java thread stack sizes (-Xss)
#   Set larger code cache with -XX:ReservedCodeCacheSize=
# This output file may be truncated or incomplete.
#
#  Out of Memory Error (allocation.cpp:390), pid=18312, tid=14672
#
# JRE version: Java(TM) SE Runtime Environment (8.0_74-b02) (build 1.8.0_74-b02)
# Java VM: Java HotSpot(TM) 64-Bit Server VM (25.74-b02 mixed mode windows-amd64 compressed oops)
# Failed to write core dump. Minidumps are not enabled by default on client versions of Windows
#

---------------  T H R E A D  ---------------

Current thread (0x0000000014595000):  JavaThread "C2 CompilerThread1" daemon [_thread_in_native, id=14672, stack(0x0000000015cd0000,0x0000000015dd0000)]

Stack: [0x0000000015cd0000,0x0000000015dd0000]
[error occurred during error reporting (printing stack bounds), id 0xc0000005]

Native frames: (J=compiled Java code, j=interpreted, Vv=VM code, C=native code)


Current CompileTask:
C2:   5474 4793       4       com.sun.tools.javac.code.Types$MethodFilter::accepts (97 bytes)


---------------  P R O C E S S  ---------------

Java Threads: ( => current thread )
  0x0000000015ef0800 JavaThread "Service Thread" daemon [_thread_blocked, id=16924, stack(0x00000000162d0000,0x00000000163d0000)]
  0x0000000014598000 JavaThread "C1 CompilerThread2" daemon [_thread_in_vm, id=17824, stack(0x0000000015dd0000,0x0000000015ed0000)]
=>0x0000000014595000 JavaThread "C2 CompilerThread1" daemon [_thread_in_native, id=14672, stack(0x0000000015cd0000,0x0000000015dd0000)]
  0x0000000014593000 JavaThread "C2 CompilerThread0" daemon [_thread_in_native, id=16540, stack(0x0000000015bd0000,0x0000000015cd0000)]
  0x0000000014591000 JavaThread "Attach Listener" daemon [_thread_blocked, id=18372, stack(0x0000000015ad0000,0x0000000015bd0000)]
  0x000000001458f800 JavaThread "Signal Dispatcher" daemon [_thread_blocked, id=12632, stack(0x00000000159d0000,0x0000000015ad0000)]
  0x000000001457a000 JavaThread "Finalizer" daemon [_thread_blocked, id=17444, stack(0x00000000157e0000,0x00000000158e0000)]
  0x0000000003124000 JavaThread "Reference Handler" daemon [_thread_blocked, id=17460, stack(0x00000000156e0000,0x00000000157e0000)]
  0x000000000321e800 JavaThread "main" [_thread_in_Java, id=17576, stack(0x0000000002e90000,0x0000000002f90000)]

Other Threads:
  0x0000000014558000 VMThread [stack: 0x00000000155e0000,0x00000000156e0000] [id=14036]
  0x0000000015f1a800 WatcherThread [stack: 0x00000000163d0000,0x00000000164d0000] [id=2336]

VM state:not at safepoint (normal execution)

VM Mutex/Monitor currently owned by a thread: None

Heap:
 PSYoungGen      total 62976K, used 14301K [0x00000000f5580000, 0x00000000fc800000, 0x0000000100000000)
  eden space 57856K, 15% used [0x00000000f5580000,0x00000000f5e78810,0x00000000f8e00000)
  from space 5120K, 99% used [0x00000000f9a80000,0x00000000f9f7ef38,0x00000000f9f80000)
  to   space 12800K, 0% used [0x00000000f8e00000,0x00000000f8e00000,0x00000000f9a80000)
 ParOldGen       total 73728K, used 18879K [0x00000000e0000000, 0x00000000e4800000, 0x00000000f5580000)
  object space 73728K, 25% used [0x00000000e0000000,0x00000000e126fc60,0x00000000e4800000)
 Metaspace       used 23508K, capacity 23914K, committed 24192K, reserved 1071104K
  class space    used 2723K, capacity 2835K, committed 2944K, reserved 1048576K

Card table byte_map: [0x00000000125e0000,0x00000000126f0000] byte_map_base: 0x0000000011ee0000

Marking Bits: (ParMarkBitMap*) 0x0000000075520600
 Begin Bits: [0x0000000012af0000, 0x00000000132f0000)
 End Bits:   [0x00000000132f0000, 0x0000000013af0000)

Polling page: 0x0000000001080000

CodeCache: size=245760Kb used=14759Kb max_used=15548Kb free=231000Kb
 bounds [0x0000000003220000, 0x0000000004160000, 0x0000000012220000]
 total_blobs=4706 nmethods=4315 adapters=303
 compilation: enabled

Compilation events (10 events):
Event: 5.422 Thread 0x0000000014598000 4927       3       com.sun.tools.javac.comp.Resolve$11::doLookup (33 bytes)
Event: 5.422 Thread 0x0000000014598000 nmethod 4927 0x0000000003c08410 code [0x0000000003c08580, 0x0000000003c08888]
Event: 5.422 Thread 0x0000000014598000 4928       3       com.sun.tools.javac.comp.Resolve::findConstructor (50 bytes)
Event: 5.423 Thread 0x0000000014598000 nmethod 4928 0x0000000003408510 code [0x00000000034086a0, 0x00000000034089d8]
Event: 5.424 Thread 0x0000000014598000 4929       3       com.sun.tools.javac.comp.Attr::visitExec (25 bytes)
Event: 5.424 Thread 0x0000000014598000 nmethod 4929 0x00000000033c4350 code [0x00000000033c4500, 0x00000000033c4a88]
Event: 5.424 Thread 0x0000000014598000 4930       1       com.sun.tools.javac.comp.Resolve$MethodResolutionPhase::mergeResults (2 bytes)
Event: 5.425 Thread 0x0000000014598000 nmethod 4930 0x0000000003643d10 code [0x0000000003643e60, 0x0000000003643f70]
Event: 5.426 Thread 0x0000000014598000 4932       3       com.sun.tools.javac.comp.Check::checkClassType (85 bytes)
Event: 5.427 Thread 0x0000000014598000 nmethod 4932 0x00000000037f0790 code [0x00000000037f09c0, 0x00000000037f15f8]

GC Heap History (10 events):
Event: 1.642 GC heap before
{Heap before GC invocations=3 (full 0):
 PSYoungGen      total 37888K, used 37859K [0x00000000f5580000, 0x00000000f7f80000, 0x0000000100000000)
  eden space 32768K, 100% used [0x00000000f5580000,0x00000000f7580000,0x00000000f7580000)
  from space 5120K, 99% used [0x00000000f7a80000,0x00000000f7f78f28,0x00000000f7f80000)
  to   space 5120K, 0% used [0x00000000f7580000,0x00000000f7580000,0x00000000f7a80000)
 ParOldGen       total 86016K, used 1902K [0x00000000e0000000, 0x00000000e5400000, 0x00000000f5580000)
  object space 86016K, 2% used [0x00000000e0000000,0x00000000e01db808,0x00000000e5400000)
 Metaspace       used 15139K, capacity 15378K, committed 15616K, reserved 1062912K
  class space    used 1853K, capacity 1939K, committed 2048K, reserved 1048576K
Event: 1.653 GC heap after
Heap after GC invocations=3 (full 0):
 PSYoungGen      total 37888K, used 5120K [0x00000000f5580000, 0x00000000f9f80000, 0x0000000100000000)
  eden space 32768K, 0% used [0x00000000f5580000,0x00000000f5580000,0x00000000f7580000)
  from space 5120K, 100% used [0x00000000f7580000,0x00000000f7a80000,0x00000000f7a80000)
  to   space 5120K, 0% used [0x00000000f9a80000,0x00000000f9a80000,0x00000000f9f80000)
 ParOldGen       total 86016K, used 4021K [0x00000000e0000000, 0x00000000e5400000, 0x00000000f5580000)
  object space 86016K, 4% used [0x00000000e0000000,0x00000000e03ed798,0x00000000e5400000)
 Metaspace       used 15139K, capacity 15378K, committed 15616K, reserved 1062912K
  class space    used 1853K, capacity 1939K, committed 2048K, reserved 1048576K
}
Event: 2.260 GC heap before
{Heap before GC invocations=4 (full 0):
 PSYoungGen      total 37888K, used 37888K [0x00000000f5580000, 0x00000000f9f80000, 0x0000000100000000)
  eden space 32768K, 100% used [0x00000000f5580000,0x00000000f7580000,0x00000000f7580000)
  from space 5120K, 100% used [0x00000000f7580000,0x00000000f7a80000,0x00000000f7a80000)
  to   space 5120K, 0% used [0x00000000f9a80000,0x00000000f9a80000,0x00000000f9f80000)
 ParOldGen       total 86016K, used 4021K [0x00000000e0000000, 0x00000000e5400000, 0x00000000f5580000)
  object space 86016K, 4% used [0x00000000e0000000,0x00000000e03ed798,0x00000000e5400000)
 Metaspace       used 16234K, capacity 16528K, committed 16640K, reserved 1064960K
  class space    used 1957K, capacity 2044K, committed 2048K, reserved 1048576K
Event: 2.273 GC heap after
Heap after GC invocations=4 (full 0):
 PSYoungGen      total 70656K, used 5104K [0x00000000f5580000, 0x00000000f9f80000, 0x0000000100000000)
  eden space 65536K, 0% used [0x00000000f5580000,0x00000000f5580000,0x00000000f9580000)
  from space 5120K, 99% used [0x00000000f9a80000,0x00000000f9f7c030,0x00000000f9f80000)
  to   space 5120K, 0% used [0x00000000f9580000,0x00000000f9580000,0x00000000f9a80000)
 ParOldGen       total 86016K, used 6368K [0x00000000e0000000, 0x00000000e5400000, 0x00000000f5580000)
  object space 86016K, 7% used [0x00000000e0000000,0x00000000e06382e8,0x00000000e5400000)
 Metaspace       used 16234K, capacity 16528K, committed 16640K, reserved 1064960K
  class space    used 1957K, capacity 2044K, committed 2048K, reserved 1048576K
}
Event: 3.380 GC heap before
{Heap before GC invocations=5 (full 0):
 PSYoungGen      total 70656K, used 49289K [0x00000000f5580000, 0x00000000f9f80000, 0x0000000100000000)
  eden space 65536K, 67% used [0x00000000f5580000,0x00000000f80a6758,0x00000000f9580000)
  from space 5120K, 99% used [0x00000000f9a80000,0x00000000f9f7c030,0x00000000f9f80000)
  to   space 5120K, 0% used [0x00000000f9580000,0x00000000f9580000,0x00000000f9a80000)
 ParOldGen       total 86016K, used 6368K [0x00000000e0000000, 0x00000000e5400000, 0x00000000f5580000)
  object space 86016K, 7% used [0x00000000e0000000,0x00000000e06382e8,0x00000000e5400000)
 Metaspace       used 20844K, capacity 21172K, committed 21296K, reserved 1069056K
  class space    used 2532K, capacity 2636K, committed 2688K, reserved 1048576K
Event: 3.402 GC heap after
Heap after GC invocations=5 (full 0):
 PSYoungGen      total 70656K, used 5088K [0x00000000f5580000, 0x00000000f9f80000, 0x0000000100000000)
  eden space 65536K, 0% used [0x00000000f5580000,0x00000000f5580000,0x00000000f9580000)
  from space 5120K, 99% used [0x00000000f9580000,0x00000000f9a78040,0x00000000f9a80000)
  to   space 5120K, 0% used [0x00000000f9a80000,0x00000000f9a80000,0x00000000f9f80000)
 ParOldGen       total 86016K, used 14367K [0x00000000e0000000, 0x00000000e5400000, 0x00000000f5580000)
  object space 86016K, 16% used [0x00000000e0000000,0x00000000e0e07cc8,0x00000000e5400000)
 Metaspace       used 20844K, capacity 21172K, committed 21296K, reserved 1069056K
  class space    used 2532K, capacity 2636K, committed 2688K, reserved 1048576K
}
Event: 3.402 GC heap before
{Heap before GC invocations=6 (full 1):
 PSYoungGen      total 70656K, used 5088K [0x00000000f5580000, 0x00000000f9f80000, 0x0000000100000000)
  eden space 65536K, 0% used [0x00000000f5580000,0x00000000f5580000,0x00000000f9580000)
  from space 5120K, 99% used [0x00000000f9580000,0x00000000f9a78040,0x00000000f9a80000)
  to   space 5120K, 0% used [0x00000000f9a80000,0x00000000f9a80000,0x00000000f9f80000)
 ParOldGen       total 86016K, used 14367K [0x00000000e0000000, 0x00000000e5400000, 0x00000000f5580000)
  object space 86016K, 16% used [0x00000000e0000000,0x00000000e0e07cc8,0x00000000e5400000)
 Metaspace       used 20844K, capacity 21172K, committed 21296K, reserved 1069056K
  class space    used 2532K, capacity 2636K, committed 2688K, reserved 1048576K
Event: 3.467 GC heap after
Heap after GC invocations=6 (full 1):
 PSYoungGen      total 70656K, used 0K [0x00000000f5580000, 0x00000000f9f80000, 0x0000000100000000)
  eden space 65536K, 0% used [0x00000000f5580000,0x00000000f5580000,0x00000000f9580000)
  from space 5120K, 0% used [0x00000000f9580000,0x00000000f9580000,0x00000000f9a80000)
  to   space 5120K, 0% used [0x00000000f9a80000,0x00000000f9a80000,0x00000000f9f80000)
 ParOldGen       total 73728K, used 14377K [0x00000000e0000000, 0x00000000e4800000, 0x00000000f5580000)
  object space 73728K, 19% used [0x00000000e0000000,0x00000000e0e0a528,0x00000000e4800000)
 Metaspace       used 20844K, capacity 21172K, committed 21296K, reserved 1069056K
  class space    used 2532K, capacity 2636K, committed 2688K, reserved 1048576K
}
Event: 5.326 GC heap before
{Heap before GC invocations=7 (full 1):
 PSYoungGen      total 70656K, used 65536K [0x00000000f5580000, 0x00000000f9f80000, 0x0000000100000000)
  eden space 65536K, 100% used [0x00000000f5580000,0x00000000f9580000,0x00000000f9580000)
  from space 5120K, 0% used [0x00000000f9580000,0x00000000f9580000,0x00000000f9a80000)
  to   space 5120K, 0% used [0x00000000f9a80000,0x00000000f9a80000,0x00000000f9f80000)
 ParOldGen       total 73728K, used 14377K [0x00000000e0000000, 0x00000000e4800000, 0x00000000f5580000)
  object space 73728K, 19% used [0x00000000e0000000,0x00000000e0e0a528,0x00000000e4800000)
 Metaspace       used 23365K, capacity 23786K, committed 23936K, reserved 1071104K
  class space    used 2722K, capacity 2835K, committed 2944K, reserved 1048576K
Event: 5.337 GC heap after
Heap after GC invocations=7 (full 1):
 PSYoungGen      total 62976K, used 5115K [0x00000000f5580000, 0x00000000fc800000, 0x0000000100000000)
  eden space 57856K, 0% used [0x00000000f5580000,0x00000000f5580000,0x00000000f8e00000)
  from space 5120K, 99% used [0x00000000f9a80000,0x00000000f9f7ef38,0x00000000f9f80000)
  to   space 12800K, 0% used [0x00000000f8e00000,0x00000000f8e00000,0x00000000f9a80000)
 ParOldGen       total 73728K, used 18879K [0x00000000e0000000, 0x00000000e4800000, 0x00000000f5580000)
  object space 73728K, 25% used [0x00000000e0000000,0x00000000e126fc60,0x00000000e4800000)
 Metaspace       used 23365K, capacity 23786K, committed 23936K, reserved 1071104K
  class space    used 2722K, capacity 2835K, committed 2944K, reserved 1048576K
}

Deoptimization events (10 events):
Event: 5.347 Thread 0x000000000321e800 Uncommon trap: reason=unstable_if action=reinterpret pc=0x0000000004050f28 method=com.sun.tools.javac.code.Types$15.visitClassType(Lcom/sun/tools/javac/code/Type$ClassType;Ljava/lang/Boolean;)Lcom/sun/tools/javac/code/Type; @ 16
Event: 5.347 Thread 0x000000000321e800 Uncommon trap: reason=bimorphic action=maybe_recompile pc=0x0000000003f32e7c method=com.sun.tools.javac.code.Types$18.visitClassType(Lcom/sun/tools/javac/code/Type$ClassType;Ljava/lang/Void;)Lcom/sun/tools/javac/code/Type; @ 19
Event: 5.347 Thread 0x000000000321e800 Uncommon trap: reason=bimorphic action=maybe_recompile pc=0x0000000003f32e7c method=com.sun.tools.javac.code.Types$18.visitClassType(Lcom/sun/tools/javac/code/Type$ClassType;Ljava/lang/Void;)Lcom/sun/tools/javac/code/Type; @ 19
Event: 5.347 Thread 0x000000000321e800 Uncommon trap: reason=bimorphic action=maybe_recompile pc=0x0000000003f61e3c method=com.sun.tools.javac.code.Types$19.visitClassType(Lcom/sun/tools/javac/code/Type$ClassType;Ljava/lang/Void;)Lcom/sun/tools/javac/util/List; @ 46
Event: 5.347 Thread 0x000000000321e800 Uncommon trap: reason=bimorphic action=maybe_recompile pc=0x0000000003f61e3c method=com.sun.tools.javac.code.Types$19.visitClassType(Lcom/sun/tools/javac/code/Type$ClassType;Ljava/lang/Void;)Lcom/sun/tools/javac/util/List; @ 46
Event: 5.367 Thread 0x000000000321e800 Uncommon trap: reason=bimorphic action=maybe_recompile pc=0x0000000003f32e7c method=com.sun.tools.javac.code.Types$18.visitClassType(Lcom/sun/tools/javac/code/Type$ClassType;Ljava/lang/Void;)Lcom/sun/tools/javac/code/Type; @ 19
Event: 5.367 Thread 0x000000000321e800 Uncommon trap: reason=bimorphic action=maybe_recompile pc=0x0000000003f61e3c method=com.sun.tools.javac.code.Types$19.visitClassType(Lcom/sun/tools/javac/code/Type$ClassType;Ljava/lang/Void;)Lcom/sun/tools/javac/util/List; @ 46
Event: 5.367 Thread 0x000000000321e800 Uncommon trap: reason=bimorphic action=maybe_recompile pc=0x0000000003f35814 method=com.sun.tools.javac.code.Types$18.visitClassType(Lcom/sun/tools/javac/code/Type$ClassType;Ljava/lang/Void;)Lcom/sun/tools/javac/code/Type; @ 19
Event: 5.373 Thread 0x000000000321e800 Uncommon trap: reason=class_check action=maybe_recompile pc=0x000000000403e014 method=com.sun.tools.javac.code.Types$SameTypeVisitor.visitClassType(Lcom/sun/tools/javac/code/Type$ClassType;Lcom/sun/tools/javac/code/Type;)Ljava/lang/Boolean; @ 296
Event: 5.373 Thread 0x000000000321e800 Uncommon trap: reason=class_check action=maybe_recompile pc=0x000000000403e014 method=com.sun.tools.javac.code.Types$SameTypeVisitor.visitClassType(Lcom/sun/tools/javac/code/Type$ClassType;Lcom/sun/tools/javac/code/Type;)Ljava/lang/Boolean; @ 296

Internal exceptions (10 events):
Event: 1.307 Thread 0x000000000321e800 Implicit null exception at 0x0000000003425a16 to 0x0000000003425d3d
Event: 1.503 Thread 0x000000000321e800 Implicit null exception at 0x00000000034fce55 to 0x00000000034fd02d
Event: 1.503 Thread 0x000000000321e800 Implicit null exception at 0x000000000358f3ef to 0x000000000358f459
Event: 1.577 Thread 0x000000000321e800 Implicit null exception at 0x000000000386d4f7 to 0x000000000386d741
Event: 2.540 Thread 0x000000000321e800 Implicit null exception at 0x0000000003b1ed13 to 0x0000000003b20021
Event: 2.601 Thread 0x000000000321e800 Exception <a 'java/lang/ClassNotFoundException': com/sun/tools/javac/api/JavacTool> (0x00000000f68c5f48) thrown at [C:\re\workspace\8-2-build-windows-amd64-cygwin\jdk8u74\6087\hotspot\src\share\vm\classfile\systemDictionary.cpp, line 210]
Event: 3.286 Thread 0x000000000321e800 Exception <a 'java/io/FileNotFoundException'> (0x00000000f7b02fe8) thrown at [C:\re\workspace\8-2-build-windows-amd64-cygwin\jdk8u74\6087\hotspot\src\share\vm\prims\jni.cpp, line 709]
Event: 3.289 Thread 0x000000000321e800 Exception <a 'java/io/FileNotFoundException'> (0x00000000f7b381d0) thrown at [C:\re\workspace\8-2-build-windows-amd64-cygwin\jdk8u74\6087\hotspot\src\share\vm\prims\jni.cpp, line 709]
Event: 4.437 Thread 0x000000000321e800 Exception <a 'java/io/FileNotFoundException'> (0x00000000f71017e0) thrown at [C:\re\workspace\8-2-build-windows-amd64-cygwin\jdk8u74\6087\hotspot\src\share\vm\prims\jni.cpp, line 709]
Event: 4.439 Thread 0x000000000321e800 Exception <a 'java/io/FileNotFoundException'> (0x00000000f7102ea8) thrown at [C:\re\workspace\8-2-build-windows-amd64-cygwin\jdk8u74\6087\hotspot\src\share\vm\prims\jni.cpp, line 709]

Events (10 events):
Event: 5.367 Thread 0x000000000321e800 DEOPT PACKING pc=0x0000000003f35814 sp=0x0000000002f8bd60
Event: 5.367 Thread 0x000000000321e800 DEOPT UNPACKING pc=0x000000000326582a sp=0x0000000002f8bd30 mode 2
Event: 5.371 loading class com/sun/tools/javac/comp/LambdaToMethod$1LambdaBodyTranslator
Event: 5.371 loading class com/sun/tools/javac/comp/LambdaToMethod$1LambdaBodyTranslator done
Event: 5.373 Thread 0x000000000321e800 Uncommon trap: trap_request=0xffffffde fr.pc=0x000000000403e014
Event: 5.373 Thread 0x000000000321e800 DEOPT PACKING pc=0x000000000403e014 sp=0x0000000002f8be80
Event: 5.373 Thread 0x000000000321e800 DEOPT UNPACKING pc=0x000000000326582a sp=0x0000000002f8be10 mode 2
Event: 5.373 Thread 0x000000000321e800 Uncommon trap: trap_request=0xffffffde fr.pc=0x000000000403e014
Event: 5.373 Thread 0x000000000321e800 DEOPT PACKING pc=0x000000000403e014 sp=0x0000000002f8be80
Event: 5.373 Thread 0x000000000321e800 DEOPT UNPACKING pc=0x000000000326582a sp=0x0000000002f8be10 mode 2


Dynamic libraries:
0x00007ff6e6e40000 - 0x00007ff6e6e77000 	C:\Java\jdk1.8.0_74\bin\java.exe
0x00007ff8ff960000 - 0x00007ff8ffb41000 	C:\WINDOWS\SYSTEM32\ntdll.dll
0x00007ff8fcf50000 - 0x00007ff8fd002000 	C:\WINDOWS\System32\KERNEL32.DLL
0x00007ff8fc460000 - 0x00007ff8fc6d3000 	C:\WINDOWS\System32\KERNELBASE.dll
0x00007ff8fd5a0000 - 0x00007ff8fd641000 	C:\WINDOWS\System32\ADVAPI32.dll
0x00007ff8fd6d0000 - 0x00007ff8fd76e000 	C:\WINDOWS\System32\msvcrt.dll
0x00007ff8fd010000 - 0x00007ff8fd06b000 	C:\WINDOWS\System32\sechost.dll
0x00007ff8ff800000 - 0x00007ff8ff924000 	C:\WINDOWS\System32\RPCRT4.dll
0x00007ff8ff640000 - 0x00007ff8ff7d0000 	C:\WINDOWS\System32\USER32.dll
0x00007ff8fbf80000 - 0x00007ff8fbfa0000 	C:\WINDOWS\System32\win32u.dll
0x00007ff8fd830000 - 0x00007ff8fd858000 	C:\WINDOWS\System32\GDI32.dll
0x00007ff8fbd80000 - 0x00007ff8fbf12000 	C:\WINDOWS\System32\gdi32full.dll
0x00007ff8fc050000 - 0x00007ff8fc0ef000 	C:\WINDOWS\System32\msvcp_win.dll
0x00007ff8fc170000 - 0x00007ff8fc26a000 	C:\WINDOWS\System32\ucrtbase.dll
0x00007ff8f5000000 - 0x00007ff8f5269000 	C:\WINDOWS\WinSxS\amd64_microsoft.windows.common-controls_6595b64144ccf1df_6.0.17134.285_none_fb4297e330656775\COMCTL32.dll
0x00007ff8fd890000 - 0x00007ff8fdbb3000 	C:\WINDOWS\System32\combase.dll
0x00007ff8fc0f0000 - 0x00007ff8fc16a000 	C:\WINDOWS\System32\bcryptPrimitives.dll
0x00007ff8fd860000 - 0x00007ff8fd88d000 	C:\WINDOWS\System32\IMM32.DLL
0x00007ff8e79a0000 - 0x00007ff8e7a4f000 	C:\Program Files\McAfee\Endpoint Security\Threat Prevention\Ips\EpMPApi.dll
0x00007ff8fbf20000 - 0x00007ff8fbf77000 	C:\WINDOWS\System32\WINTRUST.dll
0x00007ff8fbcc0000 - 0x00007ff8fbcd2000 	C:\WINDOWS\System32\MSASN1.dll
0x00007ff8fc270000 - 0x00007ff8fc452000 	C:\WINDOWS\System32\CRYPT32.dll
0x0000000077510000 - 0x000000007751c000 	C:\Program Files\McAfee\Endpoint Security\Threat Prevention\Ips\EpMPThe.dll
0x0000000076300000 - 0x00000000763d2000 	C:\Java\jdk1.8.0_74\jre\bin\msvcr100.dll
0x0000000074d10000 - 0x00000000755a0000 	C:\Java\jdk1.8.0_74\jre\bin\server\jvm.dll
0x00007ff8fd820000 - 0x00007ff8fd828000 	C:\WINDOWS\System32\PSAPI.DLL
0x00007ff8f2ed0000 - 0x00007ff8f2ed9000 	C:\WINDOWS\SYSTEM32\WSOCK32.dll
0x00007ff8f26b0000 - 0x00007ff8f26d3000 	C:\WINDOWS\SYSTEM32\WINMM.dll
0x00007ff8facd0000 - 0x00007ff8facda000 	C:\WINDOWS\SYSTEM32\VERSION.dll
0x00007ff8fd660000 - 0x00007ff8fd6cc000 	C:\WINDOWS\System32\WS2_32.dll
0x00007ff8f2730000 - 0x00007ff8f275a000 	C:\WINDOWS\SYSTEM32\WINMMBASE.dll
0x00007ff8fbd30000 - 0x00007ff8fbd79000 	C:\WINDOWS\System32\cfgmgr32.dll
0x00000000774e0000 - 0x00000000774ef000 	C:\Java\jdk1.8.0_74\jre\bin\verify.dll
0x0000000074ce0000 - 0x0000000074d09000 	C:\Java\jdk1.8.0_74\jre\bin\java.dll
0x0000000074cc0000 - 0x0000000074cd6000 	C:\Java\jdk1.8.0_74\jre\bin\zip.dll
0x00007ff8fe200000 - 0x00007ff8ff640000 	C:\WINDOWS\System32\SHELL32.dll
0x00007ff8fd770000 - 0x00007ff8fd819000 	C:\WINDOWS\System32\shcore.dll
0x00007ff8fc6e0000 - 0x00007ff8fcded000 	C:\WINDOWS\System32\windows.storage.dll
0x00007ff8fd0f0000 - 0x00007ff8fd141000 	C:\WINDOWS\System32\shlwapi.dll
0x00007ff8fbc80000 - 0x00007ff8fbc91000 	C:\WINDOWS\System32\kernel.appcore.dll
0x00007ff8fbca0000 - 0x00007ff8fbcbf000 	C:\WINDOWS\System32\profapi.dll
0x00007ff8fbce0000 - 0x00007ff8fbd2c000 	C:\WINDOWS\System32\powrprof.dll
0x00007ff8fbc70000 - 0x00007ff8fbc7a000 	C:\WINDOWS\System32\FLTLIB.DLL
0x00007ff8f39a0000 - 0x00007ff8f39aa000 	C:\Program Files (x86)\apache-maven-3.5.3\lib\jansi-native\windows64\jansi.dll
0x0000000074ab0000 - 0x0000000074aca000 	C:\Java\jdk1.8.0_74\jre\bin\net.dll
0x00007ff8fb440000 - 0x00007ff8fb4a6000 	C:\WINDOWS\system32\mswsock.dll
0x0000000074a90000 - 0x0000000074aa1000 	C:\Java\jdk1.8.0_74\jre\bin\nio.dll

VM Arguments:
jvm_args: -Dclassworlds.conf=C:\Program Files (x86)\apache-maven-3.5.3\bin\..\bin\m2.conf -Dmaven.home=C:\Program Files (x86)\apache-maven-3.5.3\bin\.. -Dlibrary.jansi.path=C:\Program Files (x86)\apache-maven-3.5.3\bin\..\lib\jansi-native -Dmaven.multiModuleProjectDirectory=C:\KABA\SANDBOX\olb -Xmx512M 
java_command: org.codehaus.plexus.classworlds.launcher.Launcher compile
java_class_path (initial): C:\Program Files (x86)\apache-maven-3.5.3\bin\..\boot\plexus-classworlds-2.5.2.jar
Launcher Type: SUN_STANDARD

Environment Variables:
JAVA_HOME=C:\Java\jdk1.8.0_74
_JAVA_OPTIONS=-Xmx512M
PATH=C:\Program Files (x86)\Common Files\Oracle\Java\javapath;C:\Program Files (x86)\Intel\iCLS Client\;C:\Program Files\Intel\iCLS Client\;C:\Oracle\Middleware\Oracle_FRHome1\bin;C:\Java\jdk1.6.0_95\bin;C:\ProgramData\Oracle\Java\javapath;C:\ORACLE\DevSuiteHome10g\jdk\jre\bin\classic;C:\ORACLE\DevSuiteHome10g\jdk\jre\bin;C:\ORACLE\DevSuiteHome10g\jdk\jre\bin\client;C:\ORACLE\DevSuiteHome10g\jlib;C:\ORACLE\DevSuiteHome10g\bin;C:\ORACLE\DevSuiteHome10g\jre\1.4.2\bin\client;C:\ORACLE\DevSuiteHome10g\jre\1.4.2\bin;C:\WINDOWS\system32;C:\WINDOWS;C:\WINDOWS\System32\Wbem;C:\WINDOWS\System32\WindowsPowerShell\v1.0\;C:\Oracle\Middleware\Oracle_FRHome1\opmn\bin;C:\Oracle\Middleware\Oracle_FRHome1\opmn\lib;C:\Oracle\Middleware\Oracle_FRHome1\perl\bin;C:\Program Files (x86)\Heroku\bin;C:\Program Files (x86)\git\cmd;C:\SCRIPTS;C:\Python27;C:\Python27\Lib;C:\Python27\Scripts;C:\Java\groovy-2.4.12\bin;C:\Program Files\PuTTY\;C:\Program Files\dotnet\;C:\Program Files\Microsoft SQL Server\130\Tools\Binn\;C:\Program Files\Git\cmd;C:\Program Files\Calibre2\;C:\Program Files (x86)\Intel\Intel(R) Management Engine Components\DAL;C:\Program Files\Intel\Intel(R) Management Engine Components\DAL;C:\Program Files (x86)\Intel\Intel(R) Management Engine Components\IPT;C:\Program Files\Intel\Intel(R) Management Engine Components\IPT;C:\WINDOWS\System32\OpenSSH\;C:\Program Files\nodejs\;C:\Users\zgudasic.KB0\AppData\Local\Microsoft\WindowsApps;C:\Users\zgudasic.KB0\.lein\bin;C:\SCRIPTS;C:\Users\zgudasic.KB0\AppData\Local\atom\bin;C:\Program Files\Docker\Docker\resources\bin;C:\Program Files\Microsoft VS Code\bin;C:\Users\zgudasic.KB0\Downloads\sqlcl\bin;C:\Users\zgudasic.KB0\AppData\Local\Microsoft\WindowsApps;C:\Program Files (x86)\apache-maven-3.5.3\bin;C:\Users\zgudasic.KB0\AppData\Roaming\npm
USERNAME=zgudasic
LD_LIBRARY_PATH=C:\Oracle\Middleware\Oracle_FRHome1\lib
OS=Windows_NT
PROCESSOR_IDENTIFIER=Intel64 Family 6 Model 94 Stepping 3, GenuineIntel



---------------  S Y S T E M  ---------------

OS: Windows 10.0 , 64 bit Build 17134 (10.0.17134.1)

CPU:total 4 (2 cores per cpu, 2 threads per core) family 6 model 94 stepping 3, cmov, cx8, fxsr, mmx, sse, sse2, sse3, ssse3, sse4.1, sse4.2, popcnt, avx, avx2, aes, clmul, erms, 3dnowpref, lzcnt, ht, tsc, tscinvbit, bmi1, bmi2, adx

Memory: 4k page, physical 8250804k(1964908k free), swap 16639412k(22408k free)

vm_info: Java HotSpot(TM) 64-Bit Server VM (25.74-b02) for windows-amd64 JRE (1.8.0_74-b02), built on Jan 29 2016 17:42:36 by "java_re" with MS VC++ 10.0 (VS2010)

time: Fri Sep 21 09:22:31 2018
elapsed time: 5 seconds (0d 0h 0m 5s)

