#
# There is insufficient memory for the Java Runtime Environment to continue.
# Native memory allocation (malloc) failed to allocate 1656384 bytes for Chunk::new
# Possible reasons:
#   The system is out of physical RAM or swap space
#   In 32 bit mode, the process size limit was hit
# Possible solutions:
#   Reduce memory load on the system
#   Increase physical memory or swap space
#   Check if swap backing store is full
#   Use 64 bit Java on a 64 bit OS
#   Decrease Java heap size (-Xmx/-Xms)
#   Decrease number of Java threads
#   Decrease Java thread stack sizes (-Xss)
#   Set larger code cache with -XX:ReservedCodeCacheSize=
# This output file may be truncated or incomplete.
#
#  Out of Memory Error (allocation.cpp:390), pid=12492, tid=17312
#
# JRE version: Java(TM) SE Runtime Environment (8.0_74-b02) (build 1.8.0_74-b02)
# Java VM: Java HotSpot(TM) 64-Bit Server VM (25.74-b02 mixed mode windows-amd64 compressed oops)
# Failed to write core dump. Minidumps are not enabled by default on client versions of Windows
#

---------------  T H R E A D  ---------------

Current thread (0x0000000014925800):  JavaThread "C2 CompilerThread1" daemon [_thread_in_native, id=17312, stack(0x0000000016570000,0x0000000016670000)]

Stack: [0x0000000016570000,0x0000000016670000]
[error occurred during error reporting (printing stack bounds), id 0xc0000005]

Native frames: (J=compiled Java code, j=interpreted, Vv=VM code, C=native code)


Current CompileTask:
C2:   4983 3825       4       java.net.URLClassLoader$1::run (5 bytes)


---------------  P R O C E S S  ---------------

Java Threads: ( => current thread )
  0x000000001905b000 JavaThread "Thread-3" [_thread_in_native, id=16612, stack(0x000000001a750000,0x000000001a850000)]
  0x0000000019059800 JavaThread "Thread-2" [_thread_in_native, id=14828, stack(0x000000001a650000,0x000000001a750000)]
  0x000000001905a800 JavaThread "Thread-1" [_thread_blocked, id=2424, stack(0x000000001a550000,0x000000001a650000)]
  0x00000000191e8800 JavaThread "ThreadedStreamConsumer" daemon [_thread_blocked, id=7116, stack(0x000000001a450000,0x000000001a550000)]
  0x00000000191ed000 JavaThread "ping-timer-10sec" daemon [_thread_blocked, id=8396, stack(0x0000000019e10000,0x0000000019f10000)]
  0x00000000180ce000 JavaThread "resolver-5" daemon [_thread_blocked, id=1740, stack(0x0000000019d10000,0x0000000019e10000)]
  0x00000000180cd000 JavaThread "resolver-4" daemon [_thread_blocked, id=15152, stack(0x0000000019c10000,0x0000000019d10000)]
  0x0000000017f89800 JavaThread "resolver-3" daemon [_thread_blocked, id=11560, stack(0x0000000019b10000,0x0000000019c10000)]
  0x0000000017f09000 JavaThread "resolver-2" daemon [_thread_blocked, id=15388, stack(0x0000000019a10000,0x0000000019b10000)]
  0x0000000017f08800 JavaThread "resolver-1" daemon [_thread_blocked, id=15808, stack(0x0000000019910000,0x0000000019a10000)]
  0x000000001494d800 JavaThread "Service Thread" daemon [_thread_blocked, id=17120, stack(0x0000000016770000,0x0000000016870000)]
  0x0000000014926000 JavaThread "C1 CompilerThread2" daemon [_thread_blocked, id=14620, stack(0x0000000016670000,0x0000000016770000)]
=>0x0000000014925800 JavaThread "C2 CompilerThread1" daemon [_thread_in_native, id=17312, stack(0x0000000016570000,0x0000000016670000)]
  0x0000000014921800 JavaThread "C2 CompilerThread0" daemon [_thread_in_native, id=15896, stack(0x0000000016470000,0x0000000016570000)]
  0x000000001491e000 JavaThread "Monitor Ctrl-Break" daemon [_thread_in_native, id=17056, stack(0x0000000016370000,0x0000000016470000)]
  0x00000000148f0800 JavaThread "Attach Listener" daemon [_thread_blocked, id=11556, stack(0x0000000015e60000,0x0000000015f60000)]
  0x00000000148ef000 JavaThread "Signal Dispatcher" daemon [_thread_blocked, id=11252, stack(0x0000000015d60000,0x0000000015e60000)]
  0x00000000148da800 JavaThread "Finalizer" daemon [_thread_blocked, id=108, stack(0x0000000015b50000,0x0000000015c50000)]
  0x00000000148b9000 JavaThread "Reference Handler" daemon [_thread_blocked, id=3224, stack(0x0000000015a50000,0x0000000015b50000)]
  0x0000000003483800 JavaThread "main" [_thread_in_native, id=9204, stack(0x00000000031a0000,0x00000000032a0000)]

Other Threads:
  0x00000000148b7800 VMThread [stack: 0x0000000015950000,0x0000000015a50000] [id=4632]
  0x0000000016023000 WatcherThread [stack: 0x0000000016870000,0x0000000016970000] [id=10944]

VM state:not at safepoint (normal execution)

VM Mutex/Monitor currently owned by a thread: None

Heap:
 PSYoungGen      total 140288K, used 113503K [0x00000000f5580000, 0x00000000fe880000, 0x0000000100000000)
  eden space 131072K, 81% used [0x00000000f5580000,0x00000000fbd2fc10,0x00000000fd580000)
  from space 9216K, 79% used [0x00000000fdf80000,0x00000000fe6a8040,0x00000000fe880000)
  to   space 9728K, 0% used [0x00000000fd580000,0x00000000fd580000,0x00000000fdf00000)
 ParOldGen       total 86016K, used 9495K [0x00000000e0000000, 0x00000000e5400000, 0x00000000f5580000)
  object space 86016K, 11% used [0x00000000e0000000,0x00000000e0945d60,0x00000000e5400000)
 Metaspace       used 18779K, capacity 19174K, committed 19456K, reserved 1067008K
  class space    used 2154K, capacity 2252K, committed 2304K, reserved 1048576K

Card table byte_map: [0x0000000012940000,0x0000000012a50000] byte_map_base: 0x0000000012240000

Marking Bits: (ParMarkBitMap*) 0x0000000075520600
 Begin Bits: [0x0000000012e50000, 0x0000000013650000)
 End Bits:   [0x0000000013650000, 0x0000000013e50000)

Polling page: 0x0000000003130000

CodeCache: size=245760Kb used=14333Kb max_used=14333Kb free=231426Kb
 bounds [0x0000000003580000, 0x0000000004390000, 0x0000000012580000]
 total_blobs=4218 nmethods=3851 adapters=279
 compilation: enabled

Compilation events (10 events):
Event: 4.837 Thread 0x0000000014926000 3860   !   3       java.io.PrintWriter::write (58 bytes)
Event: 4.838 Thread 0x0000000014926000 nmethod 3860 0x0000000004388490 code [0x0000000004388640, 0x0000000004388ce8]
Event: 4.838 Thread 0x0000000014926000 3861       3       org.apache.maven.surefire.shade.org.apache.maven.shared.utils.xml.PrettyPrintXMLWriter::addAttribute (55 bytes)
Event: 4.838 Thread 0x0000000014926000 nmethod 3861 0x00000000043890d0 code [0x00000000043892a0, 0x00000000043897a8]
Event: 4.840 Thread 0x0000000014926000 3862       3       java.lang.Integer::valueOf (32 bytes)
Event: 4.840 Thread 0x0000000014926000 nmethod 3862 0x0000000004389a90 code [0x0000000004389c00, 0x0000000004389f50]
Event: 4.850 Thread 0x0000000014926000 3863       3       org.apache.maven.plugin.surefire.report.StatelessXmlReporter::containsEscapesIllegalnXml10 (33 bytes)
Event: 4.850 Thread 0x0000000014926000 nmethod 3863 0x000000000438a110 code [0x000000000438a2c0, 0x000000000438a8b8]
Event: 4.856 Thread 0x0000000014926000 3867       3       org.apache.maven.surefire.shade.org.apache.maven.shared.utils.xml.PrettyPrintXMLWriter::newLine (39 bytes)
Event: 4.856 Thread 0x0000000014926000 nmethod 3867 0x000000000438abd0 code [0x000000000438ad60, 0x000000000438b0f8]

GC Heap History (10 events):
Event: 0.795 GC heap before
{Heap before GC invocations=2 (full 0):
 PSYoungGen      total 37888K, used 37358K [0x00000000f5580000, 0x00000000f7f80000, 0x0000000100000000)
  eden space 32768K, 100% used [0x00000000f5580000,0x00000000f7580000,0x00000000f7580000)
  from space 5120K, 89% used [0x00000000f7580000,0x00000000f79fb9b8,0x00000000f7a80000)
  to   space 5120K, 0% used [0x00000000f7a80000,0x00000000f7a80000,0x00000000f7f80000)
 ParOldGen       total 86016K, used 8K [0x00000000e0000000, 0x00000000e5400000, 0x00000000f5580000)
  object space 86016K, 0% used [0x00000000e0000000,0x00000000e0002000,0x00000000e5400000)
 Metaspace       used 11336K, capacity 11522K, committed 11776K, reserved 1058816K
  class space    used 1424K, capacity 1475K, committed 1536K, reserved 1048576K
Event: 0.800 GC heap after
Heap after GC invocations=2 (full 0):
 PSYoungGen      total 37888K, used 5095K [0x00000000f5580000, 0x00000000f9f80000, 0x0000000100000000)
  eden space 32768K, 0% used [0x00000000f5580000,0x00000000f5580000,0x00000000f7580000)
  from space 5120K, 99% used [0x00000000f7a80000,0x00000000f7f79ce8,0x00000000f7f80000)
  to   space 5120K, 0% used [0x00000000f7580000,0x00000000f7580000,0x00000000f7a80000)
 ParOldGen       total 86016K, used 1258K [0x00000000e0000000, 0x00000000e5400000, 0x00000000f5580000)
  object space 86016K, 1% used [0x00000000e0000000,0x00000000e013aad0,0x00000000e5400000)
 Metaspace       used 11336K, capacity 11522K, committed 11776K, reserved 1058816K
  class space    used 1424K, capacity 1475K, committed 1536K, reserved 1048576K
}
Event: 1.299 GC heap before
{Heap before GC invocations=3 (full 0):
 PSYoungGen      total 37888K, used 37863K [0x00000000f5580000, 0x00000000f9f80000, 0x0000000100000000)
  eden space 32768K, 100% used [0x00000000f5580000,0x00000000f7580000,0x00000000f7580000)
  from space 5120K, 99% used [0x00000000f7a80000,0x00000000f7f79ce8,0x00000000f7f80000)
  to   space 5120K, 0% used [0x00000000f7580000,0x00000000f7580000,0x00000000f7a80000)
 ParOldGen       total 86016K, used 1258K [0x00000000e0000000, 0x00000000e5400000, 0x00000000f5580000)
  object space 86016K, 1% used [0x00000000e0000000,0x00000000e013aad0,0x00000000e5400000)
 Metaspace       used 14916K, capacity 15196K, committed 15616K, reserved 1062912K
  class space    used 1840K, capacity 1938K, committed 2048K, reserved 1048576K
Event: 1.306 GC heap after
Heap after GC invocations=3 (full 0):
 PSYoungGen      total 37888K, used 5104K [0x00000000f5580000, 0x00000000f9f80000, 0x0000000100000000)
  eden space 32768K, 0% used [0x00000000f5580000,0x00000000f5580000,0x00000000f7580000)
  from space 5120K, 99% used [0x00000000f7580000,0x00000000f7a7c010,0x00000000f7a80000)
  to   space 5120K, 0% used [0x00000000f9a80000,0x00000000f9a80000,0x00000000f9f80000)
 ParOldGen       total 86016K, used 3850K [0x00000000e0000000, 0x00000000e5400000, 0x00000000f5580000)
  object space 86016K, 4% used [0x00000000e0000000,0x00000000e03c29e0,0x00000000e5400000)
 Metaspace       used 14916K, capacity 15196K, committed 15616K, reserved 1062912K
  class space    used 1840K, capacity 1938K, committed 2048K, reserved 1048576K
}
Event: 1.808 GC heap before
{Heap before GC invocations=4 (full 0):
 PSYoungGen      total 37888K, used 37872K [0x00000000f5580000, 0x00000000f9f80000, 0x0000000100000000)
  eden space 32768K, 100% used [0x00000000f5580000,0x00000000f7580000,0x00000000f7580000)
  from space 5120K, 99% used [0x00000000f7580000,0x00000000f7a7c010,0x00000000f7a80000)
  to   space 5120K, 0% used [0x00000000f9a80000,0x00000000f9a80000,0x00000000f9f80000)
 ParOldGen       total 86016K, used 3850K [0x00000000e0000000, 0x00000000e5400000, 0x00000000f5580000)
  object space 86016K, 4% used [0x00000000e0000000,0x00000000e03c29e0,0x00000000e5400000)
 Metaspace       used 15947K, capacity 16224K, committed 16384K, reserved 1062912K
  class space    used 1947K, capacity 2044K, committed 2048K, reserved 1048576K
Event: 1.816 GC heap after
Heap after GC invocations=4 (full 0):
 PSYoungGen      total 70656K, used 5088K [0x00000000f5580000, 0x00000000f9f80000, 0x0000000100000000)
  eden space 65536K, 0% used [0x00000000f5580000,0x00000000f5580000,0x00000000f9580000)
  from space 5120K, 99% used [0x00000000f9a80000,0x00000000f9f78020,0x00000000f9f80000)
  to   space 5120K, 0% used [0x00000000f9580000,0x00000000f9580000,0x00000000f9a80000)
 ParOldGen       total 86016K, used 6180K [0x00000000e0000000, 0x00000000e5400000, 0x00000000f5580000)
  object space 86016K, 7% used [0x00000000e0000000,0x00000000e06092d0,0x00000000e5400000)
 Metaspace       used 15947K, capacity 16224K, committed 16384K, reserved 1062912K
  class space    used 1947K, capacity 2044K, committed 2048K, reserved 1048576K
}
Event: 2.612 GC heap before
{Heap before GC invocations=5 (full 0):
 PSYoungGen      total 70656K, used 70624K [0x00000000f5580000, 0x00000000f9f80000, 0x0000000100000000)
  eden space 65536K, 100% used [0x00000000f5580000,0x00000000f9580000,0x00000000f9580000)
  from space 5120K, 99% used [0x00000000f9a80000,0x00000000f9f78020,0x00000000f9f80000)
  to   space 5120K, 0% used [0x00000000f9580000,0x00000000f9580000,0x00000000f9a80000)
 ParOldGen       total 86016K, used 6180K [0x00000000e0000000, 0x00000000e5400000, 0x00000000f5580000)
  object space 86016K, 7% used [0x00000000e0000000,0x00000000e06092d0,0x00000000e5400000)
 Metaspace       used 17318K, capacity 17658K, committed 17792K, reserved 1064960K
  class space    used 2037K, capacity 2154K, committed 2176K, reserved 1048576K
Event: 2.623 GC heap after
Heap after GC invocations=5 (full 0):
 PSYoungGen      total 70656K, used 5104K [0x00000000f5580000, 0x00000000fe980000, 0x0000000100000000)
  eden space 65536K, 0% used [0x00000000f5580000,0x00000000f5580000,0x00000000f9580000)
  from space 5120K, 99% used [0x00000000f9580000,0x00000000f9a7c030,0x00000000f9a80000)
  to   space 10240K, 0% used [0x00000000fdf80000,0x00000000fdf80000,0x00000000fe980000)
 ParOldGen       total 86016K, used 9487K [0x00000000e0000000, 0x00000000e5400000, 0x00000000f5580000)
  object space 86016K, 11% used [0x00000000e0000000,0x00000000e0943d60,0x00000000e5400000)
 Metaspace       used 17318K, capacity 17658K, committed 17792K, reserved 1064960K
  class space    used 2037K, capacity 2154K, committed 2176K, reserved 1048576K
}
Event: 3.147 GC heap before
{Heap before GC invocations=6 (full 0):
 PSYoungGen      total 70656K, used 70640K [0x00000000f5580000, 0x00000000fe980000, 0x0000000100000000)
  eden space 65536K, 100% used [0x00000000f5580000,0x00000000f9580000,0x00000000f9580000)
  from space 5120K, 99% used [0x00000000f9580000,0x00000000f9a7c030,0x00000000f9a80000)
  to   space 10240K, 0% used [0x00000000fdf80000,0x00000000fdf80000,0x00000000fe980000)
 ParOldGen       total 86016K, used 9487K [0x00000000e0000000, 0x00000000e5400000, 0x00000000f5580000)
  object space 86016K, 11% used [0x00000000e0000000,0x00000000e0943d60,0x00000000e5400000)
 Metaspace       used 17610K, capacity 17984K, committed 18304K, reserved 1064960K
  class space    used 2039K, capacity 2155K, committed 2176K, reserved 1048576K
Event: 3.164 GC heap after
Heap after GC invocations=6 (full 0):
 PSYoungGen      total 140288K, used 7328K [0x00000000f5580000, 0x00000000fe880000, 0x0000000100000000)
  eden space 131072K, 0% used [0x00000000f5580000,0x00000000f5580000,0x00000000fd580000)
  from space 9216K, 79% used [0x00000000fdf80000,0x00000000fe6a8040,0x00000000fe880000)
  to   space 9728K, 0% used [0x00000000fd580000,0x00000000fd580000,0x00000000fdf00000)
 ParOldGen       total 86016K, used 9495K [0x00000000e0000000, 0x00000000e5400000, 0x00000000f5580000)
  object space 86016K, 11% used [0x00000000e0000000,0x00000000e0945d60,0x00000000e5400000)
 Metaspace       used 17610K, capacity 17984K, committed 18304K, reserved 1064960K
  class space    used 2039K, capacity 2155K, committed 2176K, reserved 1048576K
}

Deoptimization events (10 events):
Event: 3.917 Thread 0x0000000003483800 Uncommon trap: reason=class_check action=maybe_recompile pc=0x0000000003ca59cc method=java.util.Collections$UnmodifiableMap$UnmodifiableEntrySet$1.hasNext()Z @ 4
Event: 3.917 Thread 0x0000000003483800 Uncommon trap: reason=class_check action=maybe_recompile pc=0x0000000003caa7e4 method=java.util.Collections$UnmodifiableMap$UnmodifiableEntrySet$1.next()Ljava/util/Map$Entry; @ 8
Event: 3.917 Thread 0x0000000003483800 Uncommon trap: reason=class_check action=maybe_recompile pc=0x0000000003cbe480 method=java.util.Collections$UnmodifiableMap$UnmodifiableEntrySet$UnmodifiableEntry.getKey()Ljava/lang/Object; @ 4
Event: 3.917 Thread 0x0000000003483800 Uncommon trap: reason=class_check action=maybe_recompile pc=0x0000000003c71cc0 method=java.util.Collections$UnmodifiableMap$UnmodifiableEntrySet$UnmodifiableEntry.getValue()Ljava/lang/Object; @ 4
Event: 3.917 Thread 0x0000000003483800 Uncommon trap: reason=class_check action=maybe_recompile pc=0x0000000003ca59cc method=java.util.Collections$UnmodifiableMap$UnmodifiableEntrySet$1.hasNext()Z @ 4
Event: 3.917 Thread 0x0000000003483800 Uncommon trap: reason=class_check action=maybe_recompile pc=0x0000000003caa7e4 method=java.util.Collections$UnmodifiableMap$UnmodifiableEntrySet$1.next()Ljava/util/Map$Entry; @ 8
Event: 3.917 Thread 0x0000000003483800 Uncommon trap: reason=class_check action=maybe_recompile pc=0x0000000003cbe480 method=java.util.Collections$UnmodifiableMap$UnmodifiableEntrySet$UnmodifiableEntry.getKey()Ljava/lang/Object; @ 4
Event: 3.917 Thread 0x0000000003483800 Uncommon trap: reason=class_check action=maybe_recompile pc=0x0000000003c71cc0 method=java.util.Collections$UnmodifiableMap$UnmodifiableEntrySet$UnmodifiableEntry.getValue()Ljava/lang/Object; @ 4
Event: 4.463 Thread 0x0000000019059800 Uncommon trap: reason=unstable_if action=reinterpret pc=0x0000000004177a2c method=java.io.BufferedReader.readLine(Z)Ljava/lang/String; @ 265
Event: 4.756 Thread 0x00000000191e8800 Uncommon trap: reason=unstable_if action=reinterpret pc=0x0000000003fa3334 method=java.lang.Integer.valueOf(I)Ljava/lang/Integer; @ 10

Internal exceptions (10 events):
Event: 0.934 Thread 0x0000000003483800 Exception <a 'java/lang/NoClassDefFoundError': javax/annotation/Priority> (0x00000000f5fa80b0) thrown at [C:\re\workspace\8-2-build-windows-amd64-cygwin\jdk8u74\6087\hotspot\src\share\vm\classfile\systemDictionary.cpp, line 199]
Event: 1.036 Thread 0x0000000003483800 Implicit null exception at 0x000000000373c51b to 0x000000000373c6cd
Event: 1.203 Thread 0x0000000003483800 Implicit null exception at 0x00000000039285d5 to 0x00000000039287d1
Event: 1.204 Thread 0x0000000003483800 Implicit null exception at 0x00000000038fdeaf to 0x00000000038fdf19
Event: 1.298 Thread 0x0000000003483800 Implicit null exception at 0x0000000003b8c3e0 to 0x0000000003b8d535
Event: 2.146 Thread 0x0000000003483800 Implicit null exception at 0x0000000003dd06f1 to 0x0000000003dd1859
Event: 2.405 Thread 0x0000000003483800 Exception <a 'java/lang/NoSuchMethodError': org.apache.maven.execution.MavenExecutionRequest.getFailureBehavior()Ljava/lang/String;> (0x00000000f7e51510) thrown at [C:\re\workspace\8-2-build-windows-amd64-cygwin\jdk8u74\6087\hotspot\src\share\vm\interprete¦£w…™q@
Event: 2.430 Thread 0x0000000003483800 Implicit null exception at 0x0000000003cc12a0 to 0x0000000003cc1311
Event: 2.431 Thread 0x0000000003483800 Implicit null exception at 0x0000000003e4d4b0 to 0x0000000003e4d501
Event: 2.454 Thread 0x0000000003483800 Implicit null exception at 0x0000000003f47037 to 0x0000000003f47281

Events (10 events):
Event: 4.774 loading class org/apache/maven/surefire/shade/org/apache/maven/shared/utils/io/IOUtil
Event: 4.774 loading class org/apache/maven/surefire/shade/org/apache/maven/shared/utils/io/IOUtil done
Event: 4.774 loading class org/apache/maven/surefire/shade/org/apache/maven/shared/utils/io/IOUtil
Event: 4.774 loading class org/apache/maven/surefire/shade/org/apache/maven/shared/utils/io/IOUtil done
Event: 4.776 loading class org/apache/maven/plugin/surefire/report/TestMethodStats
Event: 4.776 loading class org/apache/maven/plugin/surefire/report/TestMethodStats done
Event: 4.776 loading class org/apache/maven/plugin/surefire/report/TestMethodStats
Event: 4.776 loading class org/apache/maven/plugin/surefire/report/TestMethodStats done
Event: 4.776 loading class org/apache/maven/plugin/surefire/report/TestMethodStats
Event: 4.776 loading class org/apache/maven/plugin/surefire/report/TestMethodStats done


Dynamic libraries:
0x00007ff6e6e40000 - 0x00007ff6e6e77000 	C:\Java\jdk1.8.0_74\bin\java.exe
0x00007ff8ff960000 - 0x00007ff8ffb41000 	C:\WINDOWS\SYSTEM32\ntdll.dll
0x00007ff8fcf50000 - 0x00007ff8fd002000 	C:\WINDOWS\System32\KERNEL32.DLL
0x00007ff8fc460000 - 0x00007ff8fc6d3000 	C:\WINDOWS\System32\KERNELBASE.dll
0x00007ff8fd5a0000 - 0x00007ff8fd641000 	C:\WINDOWS\System32\ADVAPI32.dll
0x00007ff8fd6d0000 - 0x00007ff8fd76e000 	C:\WINDOWS\System32\msvcrt.dll
0x00007ff8fd010000 - 0x00007ff8fd06b000 	C:\WINDOWS\System32\sechost.dll
0x00007ff8ff800000 - 0x00007ff8ff924000 	C:\WINDOWS\System32\RPCRT4.dll
0x00007ff8ff640000 - 0x00007ff8ff7d0000 	C:\WINDOWS\System32\USER32.dll
0x00007ff8fbf80000 - 0x00007ff8fbfa0000 	C:\WINDOWS\System32\win32u.dll
0x00007ff8fd830000 - 0x00007ff8fd858000 	C:\WINDOWS\System32\GDI32.dll
0x00007ff8fbd80000 - 0x00007ff8fbf12000 	C:\WINDOWS\System32\gdi32full.dll
0x00007ff8fc050000 - 0x00007ff8fc0ef000 	C:\WINDOWS\System32\msvcp_win.dll
0x00007ff8fc170000 - 0x00007ff8fc26a000 	C:\WINDOWS\System32\ucrtbase.dll
0x00007ff8f5000000 - 0x00007ff8f5269000 	C:\WINDOWS\WinSxS\amd64_microsoft.windows.common-controls_6595b64144ccf1df_6.0.17134.285_none_fb4297e330656775\COMCTL32.dll
0x00007ff8fd890000 - 0x00007ff8fdbb3000 	C:\WINDOWS\System32\combase.dll
0x00007ff8fc0f0000 - 0x00007ff8fc16a000 	C:\WINDOWS\System32\bcryptPrimitives.dll
0x00007ff8fd860000 - 0x00007ff8fd88d000 	C:\WINDOWS\System32\IMM32.DLL
0x00007ff8e79a0000 - 0x00007ff8e7a4f000 	C:\Program Files\McAfee\Endpoint Security\Threat Prevention\Ips\EpMPApi.dll
0x00007ff8fbf20000 - 0x00007ff8fbf77000 	C:\WINDOWS\System32\WINTRUST.dll
0x00007ff8fbcc0000 - 0x00007ff8fbcd2000 	C:\WINDOWS\System32\MSASN1.dll
0x00007ff8fc270000 - 0x00007ff8fc452000 	C:\WINDOWS\System32\CRYPT32.dll
0x0000000077510000 - 0x000000007751c000 	C:\Program Files\McAfee\Endpoint Security\Threat Prevention\Ips\EpMPThe.dll
0x0000000073eb0000 - 0x0000000073f82000 	C:\Java\jdk1.8.0_74\jre\bin\msvcr100.dll
0x0000000074d10000 - 0x00000000755a0000 	C:\Java\jdk1.8.0_74\jre\bin\server\jvm.dll
0x00007ff8fd820000 - 0x00007ff8fd828000 	C:\WINDOWS\System32\PSAPI.DLL
0x00007ff8facd0000 - 0x00007ff8facda000 	C:\WINDOWS\SYSTEM32\VERSION.dll
0x00007ff8f26b0000 - 0x00007ff8f26d3000 	C:\WINDOWS\SYSTEM32\WINMM.dll
0x00007ff8f2ed0000 - 0x00007ff8f2ed9000 	C:\WINDOWS\SYSTEM32\WSOCK32.dll
0x00007ff8fd660000 - 0x00007ff8fd6cc000 	C:\WINDOWS\System32\WS2_32.dll
0x00007ff8f2730000 - 0x00007ff8f275a000 	C:\WINDOWS\SYSTEM32\WINMMBASE.dll
0x00007ff8fbd30000 - 0x00007ff8fbd79000 	C:\WINDOWS\System32\cfgmgr32.dll
0x00000000774e0000 - 0x00000000774ef000 	C:\Java\jdk1.8.0_74\jre\bin\verify.dll
0x0000000074ce0000 - 0x0000000074d09000 	C:\Java\jdk1.8.0_74\jre\bin\java.dll
0x0000000076c00000 - 0x0000000076c23000 	C:\Java\jdk1.8.0_74\jre\bin\instrument.dll
0x0000000074cc0000 - 0x0000000074cd6000 	C:\Java\jdk1.8.0_74\jre\bin\zip.dll
0x00007ff8fe200000 - 0x00007ff8ff640000 	C:\WINDOWS\System32\SHELL32.dll
0x00007ff8fd770000 - 0x00007ff8fd819000 	C:\WINDOWS\System32\shcore.dll
0x00007ff8fc6e0000 - 0x00007ff8fcded000 	C:\WINDOWS\System32\windows.storage.dll
0x00007ff8fd0f0000 - 0x00007ff8fd141000 	C:\WINDOWS\System32\shlwapi.dll
0x00007ff8fbc80000 - 0x00007ff8fbc91000 	C:\WINDOWS\System32\kernel.appcore.dll
0x00007ff8fbca0000 - 0x00007ff8fbcbf000 	C:\WINDOWS\System32\profapi.dll
0x00007ff8fbce0000 - 0x00007ff8fbd2c000 	C:\WINDOWS\System32\powrprof.dll
0x00007ff8fbc70000 - 0x00007ff8fbc7a000 	C:\WINDOWS\System32\FLTLIB.DLL
0x00007ff8eceb0000 - 0x00007ff8ececa000 	C:\Program Files\JetBrains\IntelliJ IDEA Community Edition 2018.2.1\bin\breakgen64.dll
0x0000000074ab0000 - 0x0000000074aca000 	C:\Java\jdk1.8.0_74\jre\bin\net.dll
0x00007ff8fb440000 - 0x00007ff8fb4a6000 	C:\WINDOWS\system32\mswsock.dll
0x0000000074a90000 - 0x0000000074aa1000 	C:\Java\jdk1.8.0_74\jre\bin\nio.dll
0x00007ff8fb6c0000 - 0x00007ff8fb6d7000 	C:\WINDOWS\SYSTEM32\CRYPTSP.dll
0x00007ff8fb030000 - 0x00007ff8fb063000 	C:\WINDOWS\system32\rsaenh.dll
0x00007ff8fb700000 - 0x00007ff8fb725000 	C:\WINDOWS\SYSTEM32\bcrypt.dll
0x00007ff8fbb70000 - 0x00007ff8fbb98000 	C:\WINDOWS\SYSTEM32\USERENV.dll
0x00007ff8fb5a0000 - 0x00007ff8fb5ab000 	C:\WINDOWS\SYSTEM32\CRYPTBASE.dll
0x00007ff8fb1d0000 - 0x00007ff8fb208000 	C:\WINDOWS\SYSTEM32\IPHLPAPI.DLL
0x00007ff8fd650000 - 0x00007ff8fd658000 	C:\WINDOWS\System32\NSI.dll
0x00007ff8f8310000 - 0x00007ff8f8326000 	C:\WINDOWS\SYSTEM32\dhcpcsvc6.DLL
0x00007ff8f7d60000 - 0x00007ff8f7d7a000 	C:\WINDOWS\SYSTEM32\dhcpcsvc.DLL

VM Arguments:
jvm_args: -Dmaven.multiModuleProjectDirectory=C:\KABA\SANDBOX\olb\protocol -Dmaven.home=C:\Program Files\JetBrains\IntelliJ IDEA Community Edition 2018.2.1\plugins\maven\lib\maven3 -Dclassworlds.conf=C:\Program Files\JetBrains\IntelliJ IDEA Community Edition 2018.2.1\plugins\maven\lib\maven3\bin\m2.conf -javaagent:C:\Program Files\JetBrains\IntelliJ IDEA Community Edition 2018.2.1\lib\idea_rt.jar=59663:C:\Program Files\JetBrains\IntelliJ IDEA Community Edition 2018.2.1\bin -Dfile.encoding=UTF-8 -Xmx512M 
java_command: org.codehaus.classworlds.Launcher -Didea.version=2018.2.4 install
java_class_path (initial): C:\Program Files\JetBrains\IntelliJ IDEA Community Edition 2018.2.1\plugins\maven\lib\maven3\boot\plexus-classworlds-2.5.2.jar;C:\Program Files\JetBrains\IntelliJ IDEA Community Edition 2018.2.1\lib\idea_rt.jar
Launcher Type: SUN_STANDARD

Environment Variables:
JAVA_HOME=C:\Java\jdk1.8.0_74
_JAVA_OPTIONS=-Xmx512M
PATH=C:\Program Files (x86)\Common Files\Oracle\Java\javapath;C:\Program Files (x86)\Intel\iCLS Client\;C:\Program Files\Intel\iCLS Client\;C:\Oracle\Middleware\Oracle_FRHome1\bin;C:\Java\jdk1.6.0_95\bin;C:\ProgramData\Oracle\Java\javapath;C:\ORACLE\DevSuiteHome10g\jdk\jre\bin\classic;C:\ORACLE\DevSuiteHome10g\jdk\jre\bin;C:\ORACLE\DevSuiteHome10g\jdk\jre\bin\client;C:\ORACLE\DevSuiteHome10g\jlib;C:\ORACLE\DevSuiteHome10g\bin;C:\ORACLE\DevSuiteHome10g\jre\1.4.2\bin\client;C:\ORACLE\DevSuiteHome10g\jre\1.4.2\bin;C:\WINDOWS\system32;C:\WINDOWS;C:\WINDOWS\System32\Wbem;C:\WINDOWS\System32\WindowsPowerShell\v1.0\;C:\Oracle\Middleware\Oracle_FRHome1\opmn\bin;C:\Oracle\Middleware\Oracle_FRHome1\opmn\lib;C:\Oracle\Middleware\Oracle_FRHome1\perl\bin;C:\Program Files (x86)\Heroku\bin;C:\Program Files (x86)\git\cmd;C:\SCRIPTS;C:\Python27;C:\Python27\Lib;C:\Python27\Scripts;C:\Java\groovy-2.4.12\bin;C:\Program Files\PuTTY\;C:\Program Files\dotnet\;C:\Program Files\Microsoft SQL Server\130\Tools\Binn\;C:\Program Files\Git\cmd;C:\Program Files\Calibre2\;C:\Program Files (x86)\Intel\Intel(R) Management Engine Components\DAL;C:\Program Files\Intel\Intel(R) Management Engine Components\DAL;C:\Program Files (x86)\Intel\Intel(R) Management Engine Components\IPT;C:\Program Files\Intel\Intel(R) Management Engine Components\IPT;C:\WINDOWS\System32\OpenSSH\;C:\Program Files\nodejs\;C:\Users\zgudasic.KB0\AppData\Local\Microsoft\WindowsApps;C:\Users\zgudasic.KB0\.lein\bin;C:\SCRIPTS;C:\Users\zgudasic.KB0\AppData\Local\atom\bin;C:\Program Files\Docker\Docker\resources\bin;C:\Program Files\Microsoft VS Code\bin;C:\Users\zgudasic.KB0\Downloads\sqlcl\bin;C:\Users\zgudasic.KB0\AppData\Local\Microsoft\WindowsApps;C:\Program Files (x86)\apache-maven-3.5.3\bin;C:\Users\zgudasic.KB0\AppData\Roaming\npm
USERNAME=zgudasic
LD_LIBRARY_PATH=C:\Oracle\Middleware\Oracle_FRHome1\lib
OS=Windows_NT
PROCESSOR_IDENTIFIER=Intel64 Family 6 Model 94 Stepping 3, GenuineIntel



---------------  S Y S T E M  ---------------

OS: Windows 10.0 , 64 bit Build 17134 (10.0.17134.1)

CPU:total 4 (2 cores per cpu, 2 threads per core) family 6 model 94 stepping 3, cmov, cx8, fxsr, mmx, sse, sse2, sse3, ssse3, sse4.1, sse4.2, popcnt, avx, avx2, aes, clmul, erms, 3dnowpref, lzcnt, ht, tsc, tscinvbit, bmi1, bmi2, adx

Memory: 4k page, physical 8250804k(2016364k free), swap 16639412k(5408k free)

vm_info: Java HotSpot(TM) 64-Bit Server VM (25.74-b02) for windows-amd64 JRE (1.8.0_74-b02), built on Jan 29 2016 17:42:36 by "java_re" with MS VC++ 10.0 (VS2010)

time: Thu Sep 20 12:10:25 2018
elapsed time: 4 seconds (0d 0h 0m 4s)

