#
# There is insufficient memory for the Java Runtime Environment to continue.
# Native memory allocation (malloc) failed to allocate 1419728 bytes for Chunk::new
# Possible reasons:
#   The system is out of physical RAM or swap space
#   In 32 bit mode, the process size limit was hit
# Possible solutions:
#   Reduce memory load on the system
#   Increase physical memory or swap space
#   Check if swap backing store is full
#   Use 64 bit Java on a 64 bit OS
#   Decrease Java heap size (-Xmx/-Xms)
#   Decrease number of Java threads
#   Decrease Java thread stack sizes (-Xss)
#   Set larger code cache with -XX:ReservedCodeCacheSize=
# This output file may be truncated or incomplete.
#
#  Out of Memory Error (allocation.cpp:390), pid=15392, tid=14236
#
# JRE version: Java(TM) SE Runtime Environment (8.0_74-b02) (build 1.8.0_74-b02)
# Java VM: Java HotSpot(TM) 64-Bit Server VM (25.74-b02 mixed mode windows-amd64 compressed oops)
# Failed to write core dump. Minidumps are not enabled by default on client versions of Windows
#

---------------  T H R E A D  ---------------

Current thread (0x0000000014241800):  JavaThread "C2 CompilerThread0" daemon [_thread_in_native, id=14236, stack(0x0000000015d60000,0x0000000015e60000)]

Stack: [0x0000000015d60000,0x0000000015e60000]
[error occurred during error reporting (printing stack bounds), id 0xc0000005]

Native frames: (J=compiled Java code, j=interpreted, Vv=VM code, C=native code)


Current CompileTask:
C2:   6257 3808   !   4       java.net.URLClassLoader$1::run (63 bytes)


---------------  P R O C E S S  ---------------

Java Threads: ( => current thread )
  0x0000000016915800 JavaThread "Thread-3" [_thread_in_native, id=13288, stack(0x000000001b040000,0x000000001b140000)]
  0x00000000176f5800 JavaThread "Thread-2" [_thread_in_native, id=1252, stack(0x000000001af40000,0x000000001b040000)]
  0x00000000176f8000 JavaThread "Thread-1" [_thread_blocked, id=16464, stack(0x000000001ae40000,0x000000001af40000)]
  0x00000000176f1800 JavaThread "ThreadedStreamConsumer" daemon [_thread_blocked, id=12056, stack(0x000000001ad40000,0x000000001ae40000)]
  0x0000000018d33000 JavaThread "ping-timer-10sec" daemon [_thread_blocked, id=16008, stack(0x000000001a700000,0x000000001a800000)]
  0x0000000018d30800 JavaThread "resolver-5" daemon [_thread_blocked, id=15496, stack(0x000000001a600000,0x000000001a700000)]
  0x0000000018d2f800 JavaThread "resolver-4" daemon [_thread_blocked, id=16248, stack(0x000000001a500000,0x000000001a600000)]
  0x000000001822d000 JavaThread "resolver-3" daemon [_thread_blocked, id=15196, stack(0x000000001a400000,0x000000001a500000)]
  0x000000001779c800 JavaThread "resolver-2" daemon [_thread_blocked, id=16460, stack(0x0000000019330000,0x0000000019430000)]
  0x0000000018306000 JavaThread "resolver-1" daemon [_thread_blocked, id=10804, stack(0x0000000018030000,0x0000000018130000)]
  0x000000001426d800 JavaThread "Service Thread" daemon [_thread_blocked, id=3168, stack(0x0000000016060000,0x0000000016160000)]
  0x000000001426d000 JavaThread "C1 CompilerThread2" daemon [_thread_blocked, id=5328, stack(0x0000000015f60000,0x0000000016060000)]
  0x0000000014245800 JavaThread "C2 CompilerThread1" daemon [_thread_in_native, id=14088, stack(0x0000000015e60000,0x0000000015f60000)]
=>0x0000000014241800 JavaThread "C2 CompilerThread0" daemon [_thread_in_native, id=14236, stack(0x0000000015d60000,0x0000000015e60000)]
  0x00000000158a3000 JavaThread "Monitor Ctrl-Break" daemon [_thread_in_native, id=11520, stack(0x0000000015c60000,0x0000000015d60000)]
  0x0000000014211800 JavaThread "Attach Listener" daemon [_thread_blocked, id=7288, stack(0x0000000015760000,0x0000000015860000)]
  0x0000000014211000 JavaThread "Signal Dispatcher" daemon [_thread_blocked, id=16444, stack(0x0000000015660000,0x0000000015760000)]
  0x0000000002e9e800 JavaThread "Finalizer" daemon [_thread_blocked, id=11800, stack(0x0000000015470000,0x0000000015570000)]
  0x00000000141d9000 JavaThread "Reference Handler" daemon [_thread_blocked, id=5432, stack(0x0000000015370000,0x0000000015470000)]
  0x0000000002da3800 JavaThread "main" [_thread_in_native, id=11044, stack(0x0000000002b40000,0x0000000002c40000)]

Other Threads:
  0x00000000141d7000 VMThread [stack: 0x0000000015270000,0x0000000015370000] [id=17164]
  0x0000000015915000 WatcherThread [stack: 0x0000000016160000,0x0000000016260000] [id=14792]

VM state:not at safepoint (normal execution)

VM Mutex/Monitor currently owned by a thread: None

Heap:
 PSYoungGen      total 140288K, used 111104K [0x00000000f5580000, 0x00000000fe880000, 0x0000000100000000)
  eden space 131072K, 79% used [0x00000000f5580000,0x00000000fbb40320,0x00000000fd580000)
  from space 9216K, 75% used [0x00000000fdf80000,0x00000000fe640040,0x00000000fe880000)
  to   space 9728K, 0% used [0x00000000fd580000,0x00000000fd580000,0x00000000fdf00000)
 ParOldGen       total 86016K, used 10095K [0x00000000e0000000, 0x00000000e5400000, 0x00000000f5580000)
  object space 86016K, 11% used [0x00000000e0000000,0x00000000e09dbf28,0x00000000e5400000)
 Metaspace       used 18800K, capacity 19174K, committed 19456K, reserved 1067008K
  class space    used 2156K, capacity 2252K, committed 2304K, reserved 1048576K

Card table byte_map: [0x0000000012260000,0x0000000012370000] byte_map_base: 0x0000000011b60000

Marking Bits: (ParMarkBitMap*) 0x0000000075520600
 Begin Bits: [0x0000000012770000, 0x0000000012f70000)
 End Bits:   [0x0000000012f70000, 0x0000000013770000)

Polling page: 0x0000000000c40000

CodeCache: size=245760Kb used=14490Kb max_used=14519Kb free=231269Kb
 bounds [0x0000000002ea0000, 0x0000000003cf0000, 0x0000000011ea0000]
 total_blobs=4140 nmethods=3773 adapters=279
 compilation: enabled

Compilation events (10 events):
Event: 6.168 Thread 0x000000001426d000 3840       3       sun.nio.cs.StreamEncoder::write (37 bytes)
Event: 6.169 Thread 0x000000001426d000 nmethod 3840 0x00000000030f56d0 code [0x00000000030f5860, 0x00000000030f5c48]
Event: 6.169 Thread 0x000000001426d000 3841       3       org.apache.maven.plugin.surefire.report.StatelessXmlReporter::containsEscapesIllegalnXml10 (33 bytes)
Event: 6.169 Thread 0x000000001426d000 nmethod 3841 0x0000000002fba350 code [0x0000000002fba500, 0x0000000002fbaaf8]
Event: 6.169 Thread 0x000000001426d000 3843   !   3       java.io.PrintWriter::write (58 bytes)
Event: 6.169 Thread 0x000000001426d000 nmethod 3843 0x0000000002fad850 code [0x0000000002fada00, 0x0000000002fae0a8]
Event: 6.169 Thread 0x000000001426d000 3844       3       org.apache.maven.surefire.shade.org.apache.maven.shared.utils.xml.PrettyPrintXMLWriter::addAttribute (55 bytes)
Event: 6.170 Thread 0x000000001426d000 nmethod 3844 0x0000000002fbc4d0 code [0x0000000002fbc6a0, 0x0000000002fbcba8]
Event: 6.195 Thread 0x000000001426d000 3850       2       org.apache.maven.surefire.shade.org.apache.maven.shared.utils.xml.PrettyPrintXMLWriter::newLine (39 bytes)
Event: 6.195 Thread 0x000000001426d000 nmethod 3850 0x0000000002fad210 code [0x0000000002fad380, 0x0000000002fad5b8]

GC Heap History (10 events):
Event: 1.078 GC heap before
{Heap before GC invocations=2 (full 0):
 PSYoungGen      total 37888K, used 37373K [0x00000000f5580000, 0x00000000f7f80000, 0x0000000100000000)
  eden space 32768K, 100% used [0x00000000f5580000,0x00000000f7580000,0x00000000f7580000)
  from space 5120K, 89% used [0x00000000f7580000,0x00000000f79ff560,0x00000000f7a80000)
  to   space 5120K, 0% used [0x00000000f7a80000,0x00000000f7a80000,0x00000000f7f80000)
 ParOldGen       total 86016K, used 8K [0x00000000e0000000, 0x00000000e5400000, 0x00000000f5580000)
  object space 86016K, 0% used [0x00000000e0000000,0x00000000e0002000,0x00000000e5400000)
 Metaspace       used 11342K, capacity 11554K, committed 11776K, reserved 1058816K
  class space    used 1426K, capacity 1507K, committed 1536K, reserved 1048576K
Event: 1.084 GC heap after
Heap after GC invocations=2 (full 0):
 PSYoungGen      total 37888K, used 5118K [0x00000000f5580000, 0x00000000f9f80000, 0x0000000100000000)
  eden space 32768K, 0% used [0x00000000f5580000,0x00000000f5580000,0x00000000f7580000)
  from space 5120K, 99% used [0x00000000f7a80000,0x00000000f7f7fa50,0x00000000f7f80000)
  to   space 5120K, 0% used [0x00000000f7580000,0x00000000f7580000,0x00000000f7a80000)
 ParOldGen       total 86016K, used 1285K [0x00000000e0000000, 0x00000000e5400000, 0x00000000f5580000)
  object space 86016K, 1% used [0x00000000e0000000,0x00000000e01417f8,0x00000000e5400000)
 Metaspace       used 11342K, capacity 11554K, committed 11776K, reserved 1058816K
  class space    used 1426K, capacity 1507K, committed 1536K, reserved 1048576K
}
Event: 1.756 GC heap before
{Heap before GC invocations=3 (full 0):
 PSYoungGen      total 37888K, used 37886K [0x00000000f5580000, 0x00000000f9f80000, 0x0000000100000000)
  eden space 32768K, 100% used [0x00000000f5580000,0x00000000f7580000,0x00000000f7580000)
  from space 5120K, 99% used [0x00000000f7a80000,0x00000000f7f7fa50,0x00000000f7f80000)
  to   space 5120K, 0% used [0x00000000f7580000,0x00000000f7580000,0x00000000f7a80000)
 ParOldGen       total 86016K, used 1285K [0x00000000e0000000, 0x00000000e5400000, 0x00000000f5580000)
  object space 86016K, 1% used [0x00000000e0000000,0x00000000e01417f8,0x00000000e5400000)
 Metaspace       used 15016K, capacity 15260K, committed 15616K, reserved 1062912K
  class space    used 1853K, capacity 1938K, committed 2048K, reserved 1048576K
Event: 1.764 GC heap after
Heap after GC invocations=3 (full 0):
 PSYoungGen      total 37888K, used 5088K [0x00000000f5580000, 0x00000000f9f80000, 0x0000000100000000)
  eden space 32768K, 0% used [0x00000000f5580000,0x00000000f5580000,0x00000000f7580000)
  from space 5120K, 99% used [0x00000000f7580000,0x00000000f7a78020,0x00000000f7a80000)
  to   space 5120K, 0% used [0x00000000f9a80000,0x00000000f9a80000,0x00000000f9f80000)
 ParOldGen       total 86016K, used 3718K [0x00000000e0000000, 0x00000000e5400000, 0x00000000f5580000)
  object space 86016K, 4% used [0x00000000e0000000,0x00000000e03a1be8,0x00000000e5400000)
 Metaspace       used 15016K, capacity 15260K, committed 15616K, reserved 1062912K
  class space    used 1853K, capacity 1938K, committed 2048K, reserved 1048576K
}
Event: 2.404 GC heap before
{Heap before GC invocations=4 (full 0):
 PSYoungGen      total 37888K, used 37856K [0x00000000f5580000, 0x00000000f9f80000, 0x0000000100000000)
  eden space 32768K, 100% used [0x00000000f5580000,0x00000000f7580000,0x00000000f7580000)
  from space 5120K, 99% used [0x00000000f7580000,0x00000000f7a78020,0x00000000f7a80000)
  to   space 5120K, 0% used [0x00000000f9a80000,0x00000000f9a80000,0x00000000f9f80000)
 ParOldGen       total 86016K, used 3718K [0x00000000e0000000, 0x00000000e5400000, 0x00000000f5580000)
  object space 86016K, 4% used [0x00000000e0000000,0x00000000e03a1be8,0x00000000e5400000)
 Metaspace       used 15981K, capacity 16224K, committed 16384K, reserved 1062912K
  class space    used 1948K, capacity 2044K, committed 2048K, reserved 1048576K
Event: 2.414 GC heap after
Heap after GC invocations=4 (full 0):
 PSYoungGen      total 70656K, used 5104K [0x00000000f5580000, 0x00000000f9f80000, 0x0000000100000000)
  eden space 65536K, 0% used [0x00000000f5580000,0x00000000f5580000,0x00000000f9580000)
  from space 5120K, 99% used [0x00000000f9a80000,0x00000000f9f7c010,0x00000000f9f80000)
  to   space 5120K, 0% used [0x00000000f9580000,0x00000000f9580000,0x00000000f9a80000)
 ParOldGen       total 86016K, used 6070K [0x00000000e0000000, 0x00000000e5400000, 0x00000000f5580000)
  object space 86016K, 7% used [0x00000000e0000000,0x00000000e05eda38,0x00000000e5400000)
 Metaspace       used 15981K, capacity 16224K, committed 16384K, reserved 1062912K
  class space    used 1948K, capacity 2044K, committed 2048K, reserved 1048576K
}
Event: 3.871 GC heap before
{Heap before GC invocations=5 (full 0):
 PSYoungGen      total 70656K, used 70640K [0x00000000f5580000, 0x00000000f9f80000, 0x0000000100000000)
  eden space 65536K, 100% used [0x00000000f5580000,0x00000000f9580000,0x00000000f9580000)
  from space 5120K, 99% used [0x00000000f9a80000,0x00000000f9f7c010,0x00000000f9f80000)
  to   space 5120K, 0% used [0x00000000f9580000,0x00000000f9580000,0x00000000f9a80000)
 ParOldGen       total 86016K, used 6070K [0x00000000e0000000, 0x00000000e5400000, 0x00000000f5580000)
  object space 86016K, 7% used [0x00000000e0000000,0x00000000e05eda38,0x00000000e5400000)
 Metaspace       used 17384K, capacity 17722K, committed 18048K, reserved 1064960K
  class space    used 2038K, capacity 2154K, committed 2176K, reserved 1048576K
Event: 3.889 GC heap after
Heap after GC invocations=5 (full 0):
 PSYoungGen      total 70656K, used 5104K [0x00000000f5580000, 0x00000000fe980000, 0x0000000100000000)
  eden space 65536K, 0% used [0x00000000f5580000,0x00000000f5580000,0x00000000f9580000)
  from space 5120K, 99% used [0x00000000f9580000,0x00000000f9a7c050,0x00000000f9a80000)
  to   space 10240K, 0% used [0x00000000fdf80000,0x00000000fdf80000,0x00000000fe980000)
 ParOldGen       total 86016K, used 10095K [0x00000000e0000000, 0x00000000e5400000, 0x00000000f5580000)
  object space 86016K, 11% used [0x00000000e0000000,0x00000000e09dbf28,0x00000000e5400000)
 Metaspace       used 17384K, capacity 17722K, committed 18048K, reserved 1064960K
  class space    used 2038K, capacity 2154K, committed 2176K, reserved 1048576K
}
Event: 4.394 GC heap before
{Heap before GC invocations=6 (full 0):
 PSYoungGen      total 70656K, used 70640K [0x00000000f5580000, 0x00000000fe980000, 0x0000000100000000)
  eden space 65536K, 100% used [0x00000000f5580000,0x00000000f9580000,0x00000000f9580000)
  from space 5120K, 99% used [0x00000000f9580000,0x00000000f9a7c050,0x00000000f9a80000)
  to   space 10240K, 0% used [0x00000000fdf80000,0x00000000fdf80000,0x00000000fe980000)
 ParOldGen       total 86016K, used 10095K [0x00000000e0000000, 0x00000000e5400000, 0x00000000f5580000)
  object space 86016K, 11% used [0x00000000e0000000,0x00000000e09dbf28,0x00000000e5400000)
 Metaspace       used 17618K, capacity 17984K, committed 18304K, reserved 1064960K
  class space    used 2040K, capacity 2155K, committed 2176K, reserved 1048576K
Event: 4.411 GC heap after
Heap after GC invocations=6 (full 0):
 PSYoungGen      total 140288K, used 6912K [0x00000000f5580000, 0x00000000fe880000, 0x0000000100000000)
  eden space 131072K, 0% used [0x00000000f5580000,0x00000000f5580000,0x00000000fd580000)
  from space 9216K, 75% used [0x00000000fdf80000,0x00000000fe640040,0x00000000fe880000)
  to   space 9728K, 0% used [0x00000000fd580000,0x00000000fd580000,0x00000000fdf00000)
 ParOldGen       total 86016K, used 10095K [0x00000000e0000000, 0x00000000e5400000, 0x00000000f5580000)
  object space 86016K, 11% used [0x00000000e0000000,0x00000000e09dbf28,0x00000000e5400000)
 Metaspace       used 17618K, capacity 17984K, committed 18304K, reserved 1064960K
  class space    used 2040K, capacity 2155K, committed 2176K, reserved 1048576K
}

Deoptimization events (10 events):
Event: 5.199 Thread 0x0000000002da3800 Uncommon trap: reason=class_check action=maybe_recompile pc=0x0000000003586d8c method=java.util.Collections$UnmodifiableMap$UnmodifiableEntrySet$1.hasNext()Z @ 4
Event: 5.199 Thread 0x0000000002da3800 Uncommon trap: reason=class_check action=maybe_recompile pc=0x00000000035c8c30 method=java.util.Collections$UnmodifiableMap$UnmodifiableEntrySet$1.next()Ljava/util/Map$Entry; @ 8
Event: 5.199 Thread 0x0000000002da3800 Uncommon trap: reason=class_check action=maybe_recompile pc=0x00000000035a5240 method=java.util.Collections$UnmodifiableMap$UnmodifiableEntrySet$UnmodifiableEntry.getKey()Ljava/lang/Object; @ 4
Event: 5.199 Thread 0x0000000002da3800 Uncommon trap: reason=class_check action=maybe_recompile pc=0x00000000035a11c0 method=java.util.Collections$UnmodifiableMap$UnmodifiableEntrySet$UnmodifiableEntry.getValue()Ljava/lang/Object; @ 4
Event: 5.199 Thread 0x0000000002da3800 Uncommon trap: reason=class_check action=maybe_recompile pc=0x0000000003586d8c method=java.util.Collections$UnmodifiableMap$UnmodifiableEntrySet$1.hasNext()Z @ 4
Event: 5.200 Thread 0x0000000002da3800 Uncommon trap: reason=class_check action=maybe_recompile pc=0x00000000035c8c30 method=java.util.Collections$UnmodifiableMap$UnmodifiableEntrySet$1.next()Ljava/util/Map$Entry; @ 8
Event: 5.200 Thread 0x0000000002da3800 Uncommon trap: reason=class_check action=maybe_recompile pc=0x00000000035a5240 method=java.util.Collections$UnmodifiableMap$UnmodifiableEntrySet$UnmodifiableEntry.getKey()Ljava/lang/Object; @ 4
Event: 5.200 Thread 0x0000000002da3800 Uncommon trap: reason=class_check action=maybe_recompile pc=0x00000000035a11c0 method=java.util.Collections$UnmodifiableMap$UnmodifiableEntrySet$UnmodifiableEntry.getValue()Ljava/lang/Object; @ 4
Event: 5.726 Thread 0x00000000176f5800 Uncommon trap: reason=unstable_if action=reinterpret pc=0x0000000003baefd4 method=java.io.BufferedReader.readLine(Z)Ljava/lang/String; @ 265
Event: 6.087 Thread 0x00000000176f1800 Uncommon trap: reason=unstable_if action=reinterpret pc=0x0000000003970034 method=java.lang.Integer.valueOf(I)Ljava/lang/Integer; @ 10

Internal exceptions (10 events):
Event: 1.393 Thread 0x0000000002da3800 Implicit null exception at 0x000000000305a51b to 0x000000000305a6cd
Event: 1.604 Thread 0x0000000002da3800 Implicit null exception at 0x000000000324f195 to 0x000000000324f391
Event: 1.604 Thread 0x0000000002da3800 Implicit null exception at 0x00000000031c6def to 0x00000000031c6e59
Event: 1.709 Thread 0x0000000002da3800 Implicit null exception at 0x000000000348efa5 to 0x000000000349015d
Event: 2.830 Thread 0x0000000002da3800 Implicit null exception at 0x00000000037901fd to 0x0000000003791355
Event: 3.192 Thread 0x0000000002da3800 Exception <a 'java/lang/NoSuchMethodError': org.apache.maven.execution.MavenExecutionRequest.getFailureBehavior()Ljava/lang/String;> (0x00000000f7c5c798) thrown at [C:\re\workspace\8-2-build-windows-amd64-cygwin\jdk8u74\6087\hotspot\src\share\vm\interpreteão{‚Ä¦
@
Event: 3.331 Thread 0x0000000002da3800 Implicit null exception at 0x00000000035916e0 to 0x0000000003591751
Event: 3.331 Thread 0x0000000002da3800 Implicit null exception at 0x0000000003765c30 to 0x0000000003765c81
Event: 3.338 Thread 0x0000000002da3800 Implicit null exception at 0x00000000038111db to 0x00000000038116d9
Event: 3.361 Thread 0x0000000002da3800 Implicit null exception at 0x00000000038cccb7 to 0x00000000038ccf01

Events (10 events):
Event: 6.105 Executing VM operation: RevokeBias
Event: 6.106 Executing VM operation: RevokeBias done
Event: 6.106 loading class org/apache/maven/surefire/shade/org/apache/maven/shared/utils/io/IOUtil
Event: 6.106 loading class org/apache/maven/surefire/shade/org/apache/maven/shared/utils/io/IOUtil done
Event: 6.112 loading class org/apache/maven/plugin/surefire/report/TestMethodStats
Event: 6.112 loading class org/apache/maven/plugin/surefire/report/TestMethodStats done
Event: 6.112 loading class org/apache/maven/plugin/surefire/report/TestMethodStats
Event: 6.112 loading class org/apache/maven/plugin/surefire/report/TestMethodStats done
Event: 6.112 loading class org/apache/maven/plugin/surefire/report/TestMethodStats
Event: 6.112 loading class org/apache/maven/plugin/surefire/report/TestMethodStats done


Dynamic libraries:
0x00007ff6e6e40000 - 0x00007ff6e6e77000 	C:\Java\jdk1.8.0_74\bin\java.exe
0x00007ff8ff960000 - 0x00007ff8ffb41000 	C:\WINDOWS\SYSTEM32\ntdll.dll
0x00007ff8fcf50000 - 0x00007ff8fd002000 	C:\WINDOWS\System32\KERNEL32.DLL
0x00007ff8fc460000 - 0x00007ff8fc6d3000 	C:\WINDOWS\System32\KERNELBASE.dll
0x00007ff8fd5a0000 - 0x00007ff8fd641000 	C:\WINDOWS\System32\ADVAPI32.dll
0x00007ff8fd6d0000 - 0x00007ff8fd76e000 	C:\WINDOWS\System32\msvcrt.dll
0x00007ff8fd010000 - 0x00007ff8fd06b000 	C:\WINDOWS\System32\sechost.dll
0x00007ff8ff800000 - 0x00007ff8ff924000 	C:\WINDOWS\System32\RPCRT4.dll
0x00007ff8ff640000 - 0x00007ff8ff7d0000 	C:\WINDOWS\System32\USER32.dll
0x00007ff8fbf80000 - 0x00007ff8fbfa0000 	C:\WINDOWS\System32\win32u.dll
0x00007ff8fd830000 - 0x00007ff8fd858000 	C:\WINDOWS\System32\GDI32.dll
0x00007ff8fbd80000 - 0x00007ff8fbf12000 	C:\WINDOWS\System32\gdi32full.dll
0x00007ff8fc050000 - 0x00007ff8fc0ef000 	C:\WINDOWS\System32\msvcp_win.dll
0x00007ff8fc170000 - 0x00007ff8fc26a000 	C:\WINDOWS\System32\ucrtbase.dll
0x00007ff8f5000000 - 0x00007ff8f5269000 	C:\WINDOWS\WinSxS\amd64_microsoft.windows.common-controls_6595b64144ccf1df_6.0.17134.285_none_fb4297e330656775\COMCTL32.dll
0x00007ff8fd890000 - 0x00007ff8fdbb3000 	C:\WINDOWS\System32\combase.dll
0x00007ff8fc0f0000 - 0x00007ff8fc16a000 	C:\WINDOWS\System32\bcryptPrimitives.dll
0x00007ff8fd860000 - 0x00007ff8fd88d000 	C:\WINDOWS\System32\IMM32.DLL
0x00007ff8e79a0000 - 0x00007ff8e7a4f000 	C:\Program Files\McAfee\Endpoint Security\Threat Prevention\Ips\EpMPApi.dll
0x00007ff8fbf20000 - 0x00007ff8fbf77000 	C:\WINDOWS\System32\WINTRUST.dll
0x00007ff8fbcc0000 - 0x00007ff8fbcd2000 	C:\WINDOWS\System32\MSASN1.dll
0x00007ff8fc270000 - 0x00007ff8fc452000 	C:\WINDOWS\System32\CRYPT32.dll
0x0000000077510000 - 0x000000007751c000 	C:\Program Files\McAfee\Endpoint Security\Threat Prevention\Ips\EpMPThe.dll
0x0000000073eb0000 - 0x0000000073f82000 	C:\Java\jdk1.8.0_74\jre\bin\msvcr100.dll
0x0000000074d10000 - 0x00000000755a0000 	C:\Java\jdk1.8.0_74\jre\bin\server\jvm.dll
0x00007ff8fd820000 - 0x00007ff8fd828000 	C:\WINDOWS\System32\PSAPI.DLL
0x00007ff8f2ed0000 - 0x00007ff8f2ed9000 	C:\WINDOWS\SYSTEM32\WSOCK32.dll
0x00007ff8facd0000 - 0x00007ff8facda000 	C:\WINDOWS\SYSTEM32\VERSION.dll
0x00007ff8fd660000 - 0x00007ff8fd6cc000 	C:\WINDOWS\System32\WS2_32.dll
0x00007ff8f26b0000 - 0x00007ff8f26d3000 	C:\WINDOWS\SYSTEM32\WINMM.dll
0x00007ff8f2730000 - 0x00007ff8f275a000 	C:\WINDOWS\SYSTEM32\WINMMBASE.dll
0x00007ff8fbd30000 - 0x00007ff8fbd79000 	C:\WINDOWS\System32\cfgmgr32.dll
0x00000000774e0000 - 0x00000000774ef000 	C:\Java\jdk1.8.0_74\jre\bin\verify.dll
0x0000000074ce0000 - 0x0000000074d09000 	C:\Java\jdk1.8.0_74\jre\bin\java.dll
0x0000000076c00000 - 0x0000000076c23000 	C:\Java\jdk1.8.0_74\jre\bin\instrument.dll
0x0000000074cc0000 - 0x0000000074cd6000 	C:\Java\jdk1.8.0_74\jre\bin\zip.dll
0x00007ff8fe200000 - 0x00007ff8ff640000 	C:\WINDOWS\System32\SHELL32.dll
0x00007ff8fd770000 - 0x00007ff8fd819000 	C:\WINDOWS\System32\shcore.dll
0x00007ff8fc6e0000 - 0x00007ff8fcded000 	C:\WINDOWS\System32\windows.storage.dll
0x00007ff8fd0f0000 - 0x00007ff8fd141000 	C:\WINDOWS\System32\shlwapi.dll
0x00007ff8fbc80000 - 0x00007ff8fbc91000 	C:\WINDOWS\System32\kernel.appcore.dll
0x00007ff8fbca0000 - 0x00007ff8fbcbf000 	C:\WINDOWS\System32\profapi.dll
0x00007ff8fbce0000 - 0x00007ff8fbd2c000 	C:\WINDOWS\System32\powrprof.dll
0x00007ff8fbc70000 - 0x00007ff8fbc7a000 	C:\WINDOWS\System32\FLTLIB.DLL
0x00007ff8eceb0000 - 0x00007ff8ececa000 	C:\Program Files\JetBrains\IntelliJ IDEA Community Edition 2018.2.1\bin\breakgen64.dll
0x0000000074ab0000 - 0x0000000074aca000 	C:\Java\jdk1.8.0_74\jre\bin\net.dll
0x00007ff8fb440000 - 0x00007ff8fb4a6000 	C:\WINDOWS\system32\mswsock.dll
0x0000000074a90000 - 0x0000000074aa1000 	C:\Java\jdk1.8.0_74\jre\bin\nio.dll
0x00007ff8fb6c0000 - 0x00007ff8fb6d7000 	C:\WINDOWS\SYSTEM32\CRYPTSP.dll
0x00007ff8fb030000 - 0x00007ff8fb063000 	C:\WINDOWS\system32\rsaenh.dll
0x00007ff8fb700000 - 0x00007ff8fb725000 	C:\WINDOWS\SYSTEM32\bcrypt.dll
0x00007ff8fbb70000 - 0x00007ff8fbb98000 	C:\WINDOWS\SYSTEM32\USERENV.dll
0x00007ff8fb5a0000 - 0x00007ff8fb5ab000 	C:\WINDOWS\SYSTEM32\CRYPTBASE.dll
0x00007ff8fb1d0000 - 0x00007ff8fb208000 	C:\WINDOWS\SYSTEM32\IPHLPAPI.DLL
0x00007ff8fd650000 - 0x00007ff8fd658000 	C:\WINDOWS\System32\NSI.dll
0x00007ff8f8310000 - 0x00007ff8f8326000 	C:\WINDOWS\SYSTEM32\dhcpcsvc6.DLL
0x00007ff8f7d60000 - 0x00007ff8f7d7a000 	C:\WINDOWS\SYSTEM32\dhcpcsvc.DLL

VM Arguments:
jvm_args: -Dmaven.multiModuleProjectDirectory=C:\KABA\SANDBOX\olb\protocol -Dmaven.home=C:\Program Files\JetBrains\IntelliJ IDEA Community Edition 2018.2.1\plugins\maven\lib\maven3 -Dclassworlds.conf=C:\Program Files\JetBrains\IntelliJ IDEA Community Edition 2018.2.1\plugins\maven\lib\maven3\bin\m2.conf -javaagent:C:\Program Files\JetBrains\IntelliJ IDEA Community Edition 2018.2.1\lib\idea_rt.jar=59635:C:\Program Files\JetBrains\IntelliJ IDEA Community Edition 2018.2.1\bin -Dfile.encoding=UTF-8 -Xmx512M 
java_command: org.codehaus.classworlds.Launcher -Didea.version=2018.2.4 test
java_class_path (initial): C:\Program Files\JetBrains\IntelliJ IDEA Community Edition 2018.2.1\plugins\maven\lib\maven3\boot\plexus-classworlds-2.5.2.jar;C:\Program Files\JetBrains\IntelliJ IDEA Community Edition 2018.2.1\lib\idea_rt.jar
Launcher Type: SUN_STANDARD

Environment Variables:
JAVA_HOME=C:\Java\jdk1.8.0_74
_JAVA_OPTIONS=-Xmx512M
PATH=C:\Program Files (x86)\Common Files\Oracle\Java\javapath;C:\Program Files (x86)\Intel\iCLS Client\;C:\Program Files\Intel\iCLS Client\;C:\Oracle\Middleware\Oracle_FRHome1\bin;C:\Java\jdk1.6.0_95\bin;C:\ProgramData\Oracle\Java\javapath;C:\ORACLE\DevSuiteHome10g\jdk\jre\bin\classic;C:\ORACLE\DevSuiteHome10g\jdk\jre\bin;C:\ORACLE\DevSuiteHome10g\jdk\jre\bin\client;C:\ORACLE\DevSuiteHome10g\jlib;C:\ORACLE\DevSuiteHome10g\bin;C:\ORACLE\DevSuiteHome10g\jre\1.4.2\bin\client;C:\ORACLE\DevSuiteHome10g\jre\1.4.2\bin;C:\WINDOWS\system32;C:\WINDOWS;C:\WINDOWS\System32\Wbem;C:\WINDOWS\System32\WindowsPowerShell\v1.0\;C:\Oracle\Middleware\Oracle_FRHome1\opmn\bin;C:\Oracle\Middleware\Oracle_FRHome1\opmn\lib;C:\Oracle\Middleware\Oracle_FRHome1\perl\bin;C:\Program Files (x86)\Heroku\bin;C:\Program Files (x86)\git\cmd;C:\SCRIPTS;C:\Python27;C:\Python27\Lib;C:\Python27\Scripts;C:\Java\groovy-2.4.12\bin;C:\Program Files\PuTTY\;C:\Program Files\dotnet\;C:\Program Files\Microsoft SQL Server\130\Tools\Binn\;C:\Program Files\Git\cmd;C:\Program Files\Calibre2\;C:\Program Files (x86)\Intel\Intel(R) Management Engine Components\DAL;C:\Program Files\Intel\Intel(R) Management Engine Components\DAL;C:\Program Files (x86)\Intel\Intel(R) Management Engine Components\IPT;C:\Program Files\Intel\Intel(R) Management Engine Components\IPT;C:\WINDOWS\System32\OpenSSH\;C:\Program Files\nodejs\;C:\Users\zgudasic.KB0\AppData\Local\Microsoft\WindowsApps;C:\Users\zgudasic.KB0\.lein\bin;C:\SCRIPTS;C:\Users\zgudasic.KB0\AppData\Local\atom\bin;C:\Program Files\Docker\Docker\resources\bin;C:\Program Files\Microsoft VS Code\bin;C:\Users\zgudasic.KB0\Downloads\sqlcl\bin;C:\Users\zgudasic.KB0\AppData\Local\Microsoft\WindowsApps;C:\Program Files (x86)\apache-maven-3.5.3\bin;C:\Users\zgudasic.KB0\AppData\Roaming\npm
USERNAME=zgudasic
LD_LIBRARY_PATH=C:\Oracle\Middleware\Oracle_FRHome1\lib
OS=Windows_NT
PROCESSOR_IDENTIFIER=Intel64 Family 6 Model 94 Stepping 3, GenuineIntel



---------------  S Y S T E M  ---------------

OS: Windows 10.0 , 64 bit Build 17134 (10.0.17134.1)

CPU:total 4 (2 cores per cpu, 2 threads per core) family 6 model 94 stepping 3, cmov, cx8, fxsr, mmx, sse, sse2, sse3, ssse3, sse4.1, sse4.2, popcnt, avx, avx2, aes, clmul, erms, 3dnowpref, lzcnt, ht, tsc, tscinvbit, bmi1, bmi2, adx

Memory: 4k page, physical 8250804k(1921332k free), swap 16639412k(5700k free)

vm_info: Java HotSpot(TM) 64-Bit Server VM (25.74-b02) for windows-amd64 JRE (1.8.0_74-b02), built on Jan 29 2016 17:42:36 by "java_re" with MS VC++ 10.0 (VS2010)

time: Thu Sep 20 12:08:14 2018
elapsed time: 6 seconds (0d 0h 0m 6s)

